#
# There is insufficient memory for the Java Runtime Environment to continue.
# Native memory allocation (mmap) failed to map 62914560 bytes for Failed to commit area from 0x0000000092b00000 to 0x0000000096700000 of length 62914560.
# Possible reasons:
#   The system is out of physical RAM or swap space
#   The process is running with CompressedOops enabled, and the Java Heap may be blocking the growth of the native heap
# Possible solutions:
#   Reduce memory load on the system
#   Increase physical memory or swap space
#   Check if swap backing store is full
#   Decrease Java heap size (-Xmx/-Xms)
#   Decrease number of Java threads
#   Decrease Java thread stack sizes (-Xss)
#   Set larger code cache with -XX:ReservedCodeCacheSize=
#   JVM is running with Unscaled Compressed Oops mode in which the Java heap is
#     placed in the first 4GB address space. The Java Heap base address is the
#     maximum limit for the native heap growth. Please use -XX:HeapBaseMinAddress
#     to set the Java Heap base and to place the Java Heap above 4GB virtual address.
# This output file may be truncated or incomplete.
#
#  Out of Memory Error (./src/hotspot/os/windows/os_windows.cpp:3301), pid=10508, tid=3692
#
# JRE version: OpenJDK Runtime Environment (11.0.11+9) (build 11.0.11+9-b60-7590822)
# Java VM: OpenJDK 64-Bit Server VM (11.0.11+9-b60-7590822, mixed mode, tiered, compressed oops, g1 gc, windows-amd64)
# No core dump will be written. Minidumps are not enabled by default on client versions of Windows
#

---------------  S U M M A R Y ------------

Command Line: --add-opens=java.base/java.util=ALL-UNNAMED --add-opens=java.base/java.lang=ALL-UNNAMED --add-opens=java.base/java.lang.invoke=ALL-UNNAMED --add-opens=java.base/java.util=ALL-UNNAMED --add-opens=java.prefs/java.util.prefs=ALL-UNNAMED --add-opens=java.prefs/java.util.prefs=ALL-UNNAMED --add-opens=java.base/java.nio.charset=ALL-UNNAMED --add-opens=java.base/java.net=ALL-UNNAMED --add-opens=java.base/java.util.concurrent.atomic=ALL-UNNAMED -Xmx2048m -Dfile.encoding=UTF-8 -Duser.country=IN -Duser.language=en -Duser.variant org.gradle.launcher.daemon.bootstrap.GradleDaemon 7.2

Host: AMD A8-7410 APU with AMD Radeon R5 Graphics    , 4 cores, 3G,  Windows 10 , 64 bit Build 18362 (10.0.18362.1110)
Time: Tue May 24 20:01:28 2022 Nepal Standard Time elapsed time: 8775.269705 seconds (0d 2h 26m 15s)

---------------  T H R E A D  ---------------

Current thread (0x000002e04b054800):  VMThread "VM Thread" [stack: 0x000000e5daf00000,0x000000e5db000000] [id=3692]

Stack: [0x000000e5daf00000,0x000000e5db000000]
[error occurred during error reporting (printing stack bounds), id 0xc0000005, EXCEPTION_ACCESS_VIOLATION (0xc0000005) at pc=0x000002e034820f2d]

Native frames: (J=compiled Java code, j=interpreted, Vv=VM code, C=native code)
V  [jvm.dll+0x5f214a]
V  [jvm.dll+0x726fb5]
V  [jvm.dll+0x7285cd]
V  [jvm.dll+0x728be5]
V  [jvm.dll+0x728b9b]
V  [jvm.dll+0x5f14e8]
V  [jvm.dll+0x5f1c78]
C  [ntdll.dll+0xa184f]
C  [ntdll.dll+0x6a889]
C  [ntdll.dll+0xa04be]
C  0x000002e034820f2d

VM_Operation (0x000000e5e0cfc820): G1CollectForAllocation, mode: safepoint, requested by thread 0x000002e04f9c6000


---------------  P R O C E S S  ---------------

Threads class SMR info:
_java_thread_list=0x000002e052123d20, length=93, elements={
0x000002e02f54f000, 0x000002e04b059000, 0x000002e04b05a800, 0x000002e04b0b4800,
0x000002e04b0b6800, 0x000002e04b0b8000, 0x000002e04b0be000, 0x000002e04b0c1000,
0x000002e04ba38800, 0x000002e04bb1b000, 0x000002e04bd29800, 0x000002e04de8b000,
0x000002e04ca12000, 0x000002e04bd49800, 0x000002e04bd48000, 0x000002e04bd49000,
0x000002e04bd45800, 0x000002e04bd46800, 0x000002e04dcdd800, 0x000002e04dcde800,
0x000002e04dcdb800, 0x000002e04dce0000, 0x000002e04dce2000, 0x000002e04de41000,
0x000002e04de42800, 0x000002e04de49000, 0x000002e054180800, 0x000002e054174800,
0x000002e054178800, 0x000002e054176800, 0x000002e054179000, 0x000002e054176000,
0x000002e054175000, 0x000002e054177800, 0x000002e054173800, 0x000002e05417c800,
0x000002e05417a000, 0x000002e05417d000, 0x000002e05417f000, 0x000002e05417b000,
0x000002e05417b800, 0x000002e054182000, 0x000002e05417e000, 0x000002e05417f800,
0x000002e054181800, 0x000002e04de42000, 0x000002e04de43800, 0x000002e04de44800,
0x000002e04de45000, 0x000002e04de46000, 0x000002e04de40000, 0x000002e04de4b000,
0x000002e04de48800, 0x000002e04de47000, 0x000002e04de4b800, 0x000002e04de4a000,
0x000002e04de4c800, 0x000002e04de4d800, 0x000002e04de47800, 0x000002e04de4e000,
0x000002e04de4f000, 0x000002e0503c3000, 0x000002e0503bd800, 0x000002e0503c0000,
0x000002e0503be000, 0x000002e0503c6800, 0x000002e0503c0800, 0x000002e0503c2000,
0x000002e0503c5800, 0x000002e0503c1800, 0x000002e0503c8000, 0x000002e0503c9000,
0x000002e0503c4800, 0x000002e0503c9800, 0x000002e0503ca800, 0x000002e0503cc000,
0x000002e0503cb000, 0x000002e04dcdc000, 0x000002e04dce1000, 0x000002e04dce5000,
0x000002e04dce3800, 0x000002e04dcdf800, 0x000002e04dce4800, 0x000002e04dce6000,
0x000002e04dce2800, 0x000002e04dce6800, 0x000002e04dce8800, 0x000002e04dce7800,
0x000002e04f9c3800, 0x000002e04f9c2800, 0x000002e04f9c4800, 0x000002e04f9c5000,
0x000002e04f9c6000
}

Java Threads: ( => current thread )
  0x000002e02f54f000 JavaThread "main" [_thread_blocked, id=7580, stack(0x000000e5da900000,0x000000e5daa00000)]
  0x000002e04b059000 JavaThread "Reference Handler" daemon [_thread_blocked, id=4400, stack(0x000000e5db000000,0x000000e5db100000)]
  0x000002e04b05a800 JavaThread "Finalizer" daemon [_thread_blocked, id=8476, stack(0x000000e5db100000,0x000000e5db200000)]
  0x000002e04b0b4800 JavaThread "Signal Dispatcher" daemon [_thread_blocked, id=3212, stack(0x000000e5db200000,0x000000e5db300000)]
  0x000002e04b0b6800 JavaThread "Attach Listener" daemon [_thread_blocked, id=3440, stack(0x000000e5db300000,0x000000e5db400000)]
  0x000002e04b0b8000 JavaThread "Service Thread" daemon [_thread_blocked, id=8388, stack(0x000000e5db400000,0x000000e5db500000)]
  0x000002e04b0be000 JavaThread "C2 CompilerThread0" daemon [_thread_blocked, id=4436, stack(0x000000e5db500000,0x000000e5db600000)]
  0x000002e04b0c1000 JavaThread "C1 CompilerThread0" daemon [_thread_blocked, id=12260, stack(0x000000e5db600000,0x000000e5db700000)]
  0x000002e04ba38800 JavaThread "Sweeper thread" daemon [_thread_blocked, id=912, stack(0x000000e5db700000,0x000000e5db800000)]
  0x000002e04bb1b000 JavaThread "Common-Cleaner" daemon [_thread_blocked, id=8260, stack(0x000000e5db800000,0x000000e5db900000)]
  0x000002e04bd29800 JavaThread "Daemon health stats" [_thread_blocked, id=9276, stack(0x000000e5dbc00000,0x000000e5dbd00000)]
  0x000002e04de8b000 JavaThread "Incoming local TCP Connector on port 64774" [_thread_in_native, id=10124, stack(0x000000e5dbb00000,0x000000e5dbc00000)]
  0x000002e04ca12000 JavaThread "Daemon periodic checks" [_thread_blocked, id=348, stack(0x000000e5dbd00000,0x000000e5dbe00000)]
  0x000002e04bd49800 JavaThread "Cache worker for journal cache (C:\Users\sudeep\.gradle\caches\journal-1)" [_thread_blocked, id=1768, stack(0x000000e5dc700000,0x000000e5dc800000)]
  0x000002e04bd48000 JavaThread "File lock request listener" [_thread_in_native, id=3404, stack(0x000000e5dc800000,0x000000e5dc900000)]
  0x000002e04bd49000 JavaThread "Cache worker for file hash cache (C:\Users\sudeep\.gradle\caches\7.2\fileHashes)" [_thread_blocked, id=8060, stack(0x000000e5dc900000,0x000000e5dca00000)]
  0x000002e04bd45800 JavaThread "File watcher server" daemon [_thread_blocked, id=12224, stack(0x000000e5dcc00000,0x000000e5dcd00000)]
  0x000002e04bd46800 JavaThread "File watcher consumer" daemon [_thread_blocked, id=2368, stack(0x000000e5dcd00000,0x000000e5dce00000)]
  0x000002e04dcdd800 JavaThread "Cache worker for execution history cache (C:\Users\sudeep\.gradle\caches\7.2\executionHistory)" [_thread_blocked, id=2888, stack(0x000000e5dd000000,0x000000e5dd100000)]
  0x000002e04dcde800 JavaThread "jar transforms" [_thread_blocked, id=10360, stack(0x000000e5dd200000,0x000000e5dd300000)]
  0x000002e04dcdb800 JavaThread "Cache worker for file content cache (C:\Users\sudeep\.gradle\caches\7.2\fileContent)" [_thread_blocked, id=5940, stack(0x000000e5dd300000,0x000000e5dd400000)]
  0x000002e04dce0000 JavaThread "jar transforms Thread 2" [_thread_blocked, id=2808, stack(0x000000e5dd100000,0x000000e5dd200000)]
  0x000002e04dce2000 JavaThread "jar transforms Thread 3" [_thread_blocked, id=652, stack(0x000000e5dd600000,0x000000e5dd700000)]
  0x000002e04de41000 JavaThread "jar transforms Thread 4" [_thread_blocked, id=4648, stack(0x000000e5dfe00000,0x000000e5dff00000)]
  0x000002e04de42800 JavaThread "Memory manager" [_thread_blocked, id=11376, stack(0x000000e5e0100000,0x000000e5e0200000)]
  0x000002e04de49000 JavaThread "Cache worker for Java compile cache (C:\Users\sudeep\.gradle\caches\7.2\javaCompile)" [_thread_blocked, id=6620, stack(0x000000e5da600000,0x000000e5da700000)]
  0x000002e054180800 JavaThread "ForkJoinPool.commonPool-worker-5" daemon [_thread_blocked, id=6364, stack(0x000000e5e1300000,0x000000e5e1400000)]
  0x000002e054174800 JavaThread "Daemon Thread 10" [_thread_blocked, id=4192, stack(0x000000e5da800000,0x000000e5da900000)]
  0x000002e054178800 JavaThread "Handler for socket connection from /127.0.0.1:64774 to /127.0.0.1:61745" [_thread_in_native, id=13048, stack(0x000000e5dbe00000,0x000000e5dbf00000)]
  0x000002e054176800 JavaThread "Cancel handler" [_thread_blocked, id=9412, stack(0x000000e5dbf00000,0x000000e5dc000000)]
  0x000002e054179000 JavaThread "Daemon worker Thread 10" [_thread_blocked, id=9648, stack(0x000000e5dc200000,0x000000e5dc300000)]
  0x000002e054176000 JavaThread "Asynchronous log dispatcher for DefaultDaemonConnection: socket connection from /127.0.0.1:64774 to /127.0.0.1:61745" [_thread_blocked, id=2468, stack(0x000000e5dc300000,0x000000e5dc400000)]
  0x000002e054175000 JavaThread "Stdin handler" [_thread_blocked, id=11116, stack(0x000000e5dc400000,0x000000e5dc500000)]
  0x000002e054177800 JavaThread "Daemon client event forwarder" [_thread_blocked, id=2800, stack(0x000000e5dc500000,0x000000e5dc600000)]
  0x000002e054173800 JavaThread "Cache worker for file hash cache (C:\Users\sudeep\AndroidStudioProjects\school\.gradle\7.2\fileHashes)" [_thread_blocked, id=8860, stack(0x000000e5dc600000,0x000000e5dc700000)]
  0x000002e05417c800 JavaThread "Cache worker for checksums cache (C:\Users\sudeep\AndroidStudioProjects\school\.gradle\checksums)" [_thread_blocked, id=8596, stack(0x000000e5dca00000,0x000000e5dcb00000)]
  0x000002e05417a000 JavaThread "Cache worker for cache directory md-supplier (C:\Users\sudeep\.gradle\caches\7.2\md-supplier)" [_thread_blocked, id=6116, stack(0x000000e5dcb00000,0x000000e5dcc00000)]
  0x000002e05417d000 JavaThread "Cache worker for cache directory md-rule (C:\Users\sudeep\.gradle\caches\7.2\md-rule)" [_thread_blocked, id=10544, stack(0x000000e5dce00000,0x000000e5dcf00000)]
  0x000002e05417f000 JavaThread "Cache worker for dependencies-accessors (C:\Users\sudeep\AndroidStudioProjects\school\.gradle\7.2\dependencies-accessors)" [_thread_blocked, id=11016, stack(0x000000e5dcf00000,0x000000e5dd000000)]
  0x000002e05417b000 JavaThread "Cache worker for Build Output Cleanup Cache (C:\Users\sudeep\AndroidStudioProjects\school\.gradle\buildOutputCleanup)" [_thread_blocked, id=12232, stack(0x000000e5dd400000,0x000000e5dd500000)]
  0x000002e05417b800 JavaThread "Unconstrained build operations" [_thread_blocked, id=8364, stack(0x000000e5dd500000,0x000000e5dd600000)]
  0x000002e054182000 JavaThread "Unconstrained build operations Thread 2" [_thread_blocked, id=8952, stack(0x000000e5dd700000,0x000000e5dd800000)]
  0x000002e05417e000 JavaThread "Unconstrained build operations Thread 3" [_thread_blocked, id=2272, stack(0x000000e5dd800000,0x000000e5dd900000)]
  0x000002e05417f800 JavaThread "Unconstrained build operations Thread 4" [_thread_blocked, id=13184, stack(0x000000e5dd900000,0x000000e5dda00000)]
  0x000002e054181800 JavaThread "Unconstrained build operations Thread 5" [_thread_blocked, id=11904, stack(0x000000e5dda00000,0x000000e5ddb00000)]
  0x000002e04de42000 JavaThread "Unconstrained build operations Thread 6" [_thread_blocked, id=8092, stack(0x000000e5ddb00000,0x000000e5ddc00000)]
  0x000002e04de43800 JavaThread "Unconstrained build operations Thread 7" [_thread_blocked, id=11972, stack(0x000000e5ddc00000,0x000000e5ddd00000)]
  0x000002e04de44800 JavaThread "Unconstrained build operations Thread 8" [_thread_blocked, id=12468, stack(0x000000e5ddd00000,0x000000e5dde00000)]
  0x000002e04de45000 JavaThread "Unconstrained build operations Thread 9" [_thread_blocked, id=1716, stack(0x000000e5dde00000,0x000000e5ddf00000)]
  0x000002e04de46000 JavaThread "Unconstrained build operations Thread 10" [_thread_blocked, id=8968, stack(0x000000e5ddf00000,0x000000e5de000000)]
  0x000002e04de40000 JavaThread "Unconstrained build operations Thread 11" [_thread_blocked, id=10956, stack(0x000000e5de000000,0x000000e5de100000)]
  0x000002e04de4b000 JavaThread "Unconstrained build operations Thread 12" [_thread_blocked, id=8648, stack(0x000000e5de100000,0x000000e5de200000)]
  0x000002e04de48800 JavaThread "Unconstrained build operations Thread 13" [_thread_blocked, id=10276, stack(0x000000e5de200000,0x000000e5de300000)]
  0x000002e04de47000 JavaThread "Unconstrained build operations Thread 14" [_thread_blocked, id=2120, stack(0x000000e5de300000,0x000000e5de400000)]
  0x000002e04de4b800 JavaThread "Unconstrained build operations Thread 15" [_thread_blocked, id=2936, stack(0x000000e5de400000,0x000000e5de500000)]
  0x000002e04de4a000 JavaThread "Unconstrained build operations Thread 16" [_thread_blocked, id=10888, stack(0x000000e5de500000,0x000000e5de600000)]
  0x000002e04de4c800 JavaThread "Unconstrained build operations Thread 17" [_thread_blocked, id=11320, stack(0x000000e5de600000,0x000000e5de700000)]
  0x000002e04de4d800 JavaThread "Unconstrained build operations Thread 18" [_thread_blocked, id=3048, stack(0x000000e5de700000,0x000000e5de800000)]
  0x000002e04de47800 JavaThread "Unconstrained build operations Thread 19" [_thread_blocked, id=8868, stack(0x000000e5de800000,0x000000e5de900000)]
  0x000002e04de4e000 JavaThread "Unconstrained build operations Thread 20" [_thread_blocked, id=8312, stack(0x000000e5de900000,0x000000e5dea00000)]
  0x000002e04de4f000 JavaThread "Unconstrained build operations Thread 21" [_thread_blocked, id=8252, stack(0x000000e5dea00000,0x000000e5deb00000)]
  0x000002e0503c3000 JavaThread "Unconstrained build operations Thread 22" [_thread_blocked, id=10168, stack(0x000000e5deb00000,0x000000e5dec00000)]
  0x000002e0503bd800 JavaThread "Unconstrained build operations Thread 23" [_thread_blocked, id=13084, stack(0x000000e5dec00000,0x000000e5ded00000)]
  0x000002e0503c0000 JavaThread "Unconstrained build operations Thread 24" [_thread_blocked, id=9448, stack(0x000000e5ded00000,0x000000e5dee00000)]
  0x000002e0503be000 JavaThread "Unconstrained build operations Thread 25" [_thread_blocked, id=13224, stack(0x000000e5dee00000,0x000000e5def00000)]
  0x000002e0503c6800 JavaThread "Unconstrained build operations Thread 26" [_thread_blocked, id=9112, stack(0x000000e5def00000,0x000000e5df000000)]
  0x000002e0503c0800 JavaThread "Unconstrained build operations Thread 27" [_thread_blocked, id=4368, stack(0x000000e5df000000,0x000000e5df100000)]
  0x000002e0503c2000 JavaThread "Unconstrained build operations Thread 28" [_thread_blocked, id=12848, stack(0x000000e5df100000,0x000000e5df200000)]
  0x000002e0503c5800 JavaThread "Unconstrained build operations Thread 29" [_thread_blocked, id=12584, stack(0x000000e5df200000,0x000000e5df300000)]
  0x000002e0503c1800 JavaThread "Unconstrained build operations Thread 30" [_thread_blocked, id=11480, stack(0x000000e5df300000,0x000000e5df400000)]
  0x000002e0503c8000 JavaThread "Unconstrained build operations Thread 31" [_thread_blocked, id=9992, stack(0x000000e5df400000,0x000000e5df500000)]
  0x000002e0503c9000 JavaThread "Unconstrained build operations Thread 32" [_thread_blocked, id=6348, stack(0x000000e5df500000,0x000000e5df600000)]
  0x000002e0503c4800 JavaThread "Unconstrained build operations Thread 33" [_thread_blocked, id=2672, stack(0x000000e5df600000,0x000000e5df700000)]
  0x000002e0503c9800 JavaThread "Unconstrained build operations Thread 34" [_thread_blocked, id=11276, stack(0x000000e5df700000,0x000000e5df800000)]
  0x000002e0503ca800 JavaThread "Unconstrained build operations Thread 35" [_thread_blocked, id=12784, stack(0x000000e5df800000,0x000000e5df900000)]
  0x000002e0503cc000 JavaThread "Unconstrained build operations Thread 36" [_thread_blocked, id=12236, stack(0x000000e5df900000,0x000000e5dfa00000)]
  0x000002e0503cb000 JavaThread "Unconstrained build operations Thread 37" [_thread_blocked, id=12676, stack(0x000000e5dfa00000,0x000000e5dfb00000)]
  0x000002e04dcdc000 JavaThread "Unconstrained build operations Thread 38" [_thread_blocked, id=8268, stack(0x000000e5dfb00000,0x000000e5dfc00000)]
  0x000002e04dce1000 JavaThread "Unconstrained build operations Thread 39" [_thread_blocked, id=10980, stack(0x000000e5dfc00000,0x000000e5dfd00000)]
  0x000002e04dce5000 JavaThread "Unconstrained build operations Thread 40" [_thread_blocked, id=12832, stack(0x000000e5dfd00000,0x000000e5dfe00000)]
  0x000002e04dce3800 JavaThread "build event listener" [_thread_blocked, id=8716, stack(0x000000e5dff00000,0x000000e5e0000000)]
  0x000002e04dcdf800 JavaThread "Execution worker for ':'" [_thread_blocked, id=12108, stack(0x000000e5e0000000,0x000000e5e0100000)]
  0x000002e04dce4800 JavaThread "Execution worker for ':' Thread 2" [_thread_blocked, id=13052, stack(0x000000e5e0200000,0x000000e5e0300000)]
  0x000002e04dce6000 JavaThread "Execution worker for ':' Thread 3" [_thread_blocked, id=5348, stack(0x000000e5e0300000,0x000000e5e0400000)]
  0x000002e04dce2800 JavaThread "Cache worker for execution history cache (C:\Users\sudeep\AndroidStudioProjects\school\.gradle\7.2\executionHistory)" [_thread_blocked, id=6480, stack(0x000000e5e0400000,0x000000e5e0500000)]
  0x000002e04dce6800 JavaThread "Build operations" [_thread_blocked, id=12916, stack(0x000000e5e0500000,0x000000e5e0600000)]
  0x000002e04dce8800 JavaThread "Build operations Thread 2" [_thread_blocked, id=7784, stack(0x000000e5e0600000,0x000000e5e0700000)]
  0x000002e04dce7800 JavaThread "Build operations Thread 3" [_thread_blocked, id=10332, stack(0x000000e5e0700000,0x000000e5e0800000)]
  0x000002e04f9c3800 JavaThread "Build operations Thread 4" [_thread_blocked, id=5520, stack(0x000000e5e0800000,0x000000e5e0900000)]
  0x000002e04f9c2800 JavaThread "WorkerExecutor Queue" [_thread_blocked, id=8844, stack(0x000000e5e0900000,0x000000e5e0a00000)]
  0x000002e04f9c4800 JavaThread "WorkerExecutor Queue Thread 2" [_thread_blocked, id=9388, stack(0x000000e5e0a00000,0x000000e5e0b00000)]
  0x000002e04f9c5000 JavaThread "WorkerExecutor Queue Thread 3" [_thread_blocked, id=6212, stack(0x000000e5e0b00000,0x000000e5e0c00000)]
  0x000002e04f9c6000 JavaThread "WorkerExecutor Queue Thread 4" [_thread_blocked, id=6220, stack(0x000000e5e0c00000,0x000000e5e0d00000)]

Other Threads:
=>0x000002e04b054800 VMThread "VM Thread" [stack: 0x000000e5daf00000,0x000000e5db000000] [id=3692]
  0x000002e04bb58800 WatcherThread [stack: 0x000000e5db900000,0x000000e5dba00000] [id=8600]
  0x000002e02f567000 GCTaskThread "GC Thread#0" [stack: 0x000000e5daa00000,0x000000e5dab00000] [id=8908]
  0x000002e04c0eb000 GCTaskThread "GC Thread#1" [stack: 0x000000e5dba00000,0x000000e5dbb00000] [id=11088]
  0x000002e04d911800 GCTaskThread "GC Thread#2" [stack: 0x000000e5dc000000,0x000000e5dc100000] [id=12212]
  0x000002e04d912000 GCTaskThread "GC Thread#3" [stack: 0x000000e5dc100000,0x000000e5dc200000] [id=7440]
  0x000002e02f598800 ConcurrentGCThread "G1 Main Marker" [stack: 0x000000e5dab00000,0x000000e5dac00000] [id=12084]
  0x000002e02f59c000 ConcurrentGCThread "G1 Conc#0" [stack: 0x000000e5dac00000,0x000000e5dad00000] [id=11552]
  0x000002e02f5e2800 ConcurrentGCThread "G1 Refine#0" [stack: 0x000000e5dad00000,0x000000e5dae00000] [id=5452]
  0x000002e02f5e3800 ConcurrentGCThread "G1 Young RemSet Sampling" [stack: 0x000000e5dae00000,0x000000e5daf00000] [id=9084]

Threads with active compile tasks:
C2 CompilerThread08775482 27288 %     4       com.android.tools.r8.internal.hI0::o @ 825 (1050 bytes)

VM state:at safepoint (normal execution)

VM Mutex/Monitor currently owned by a thread:  ([mutex/lock_event])
[0x000002e02f54a490] Threads_lock - owner thread: 0x000002e04b054800
[0x000002e02f54a640] Heap_lock - owner thread: 0x000002e04f9c6000

Heap address: 0x0000000080000000, size: 2048 MB, Compressed Oops mode: 32-bit
Narrow klass base: 0x0000000000000000, Narrow klass shift: 3
Compressed class space size: 1073741824 Address: 0x0000000100000000

Heap:
 garbage-first heap   total 367616K, used 103745K [0x0000000080000000, 0x0000000100000000)
  region size 1024K, 2 young (2048K), 2 survivors (2048K)
 Metaspace       used 126994K, capacity 130673K, committed 130940K, reserved 1163264K
  class space    used 15695K, capacity 17086K, committed 17152K, reserved 1048576K
Heap Regions: E=young(eden), S=young(survivor), O=old, HS=humongous(starts), HC=humongous(continues), CS=collection set, F=free, A=archive, TAMS=top-at-mark-start (previous, next)
|   0|0x0000000080000000, 0x0000000080100000, 0x0000000080100000|100%| O|  |TAMS 0x0000000080100000, 0x0000000080100000| Untracked 
|   1|0x0000000080100000, 0x0000000080200000, 0x0000000080200000|100%| O|  |TAMS 0x0000000080200000, 0x0000000080200000| Untracked 
|   2|0x0000000080200000, 0x0000000080300000, 0x0000000080300000|100%| O|  |TAMS 0x0000000080300000, 0x0000000080300000| Untracked 
|   3|0x0000000080300000, 0x0000000080400000, 0x0000000080400000|100%|HS|  |TAMS 0x0000000080400000, 0x0000000080400000| Complete 
|   4|0x0000000080400000, 0x0000000080500000, 0x0000000080500000|100%|HC|  |TAMS 0x0000000080500000, 0x0000000080500000| Complete 
|   5|0x0000000080500000, 0x0000000080600000, 0x0000000080600000|100%|HC|  |TAMS 0x0000000080600000, 0x0000000080600000| Complete 
|   6|0x0000000080600000, 0x0000000080700000, 0x0000000080700000|100%| O|  |TAMS 0x0000000080700000, 0x0000000080700000| Untracked 
|   7|0x0000000080700000, 0x0000000080800000, 0x0000000080800000|100%| O|  |TAMS 0x0000000080800000, 0x0000000080800000| Untracked 
|   8|0x0000000080800000, 0x0000000080900000, 0x0000000080900000|100%| O|  |TAMS 0x0000000080900000, 0x0000000080900000| Untracked 
|   9|0x0000000080900000, 0x0000000080a00000, 0x0000000080a00000|100%| O|  |TAMS 0x0000000080a00000, 0x0000000080a00000| Untracked 
|  10|0x0000000080a00000, 0x0000000080b00000, 0x0000000080b00000|100%| O|  |TAMS 0x0000000080b00000, 0x0000000080b00000| Untracked 
|  11|0x0000000080b00000, 0x0000000080c00000, 0x0000000080c00000|100%| O|  |TAMS 0x0000000080c00000, 0x0000000080c00000| Untracked 
|  12|0x0000000080c00000, 0x0000000080d00000, 0x0000000080d00000|100%| O|  |TAMS 0x0000000080d00000, 0x0000000080d00000| Untracked 
|  13|0x0000000080d00000, 0x0000000080e00000, 0x0000000080e00000|100%| O|  |TAMS 0x0000000080e00000, 0x0000000080e00000| Untracked 
|  14|0x0000000080e00000, 0x0000000080f00000, 0x0000000080f00000|100%| O|  |TAMS 0x0000000080f00000, 0x0000000080f00000| Untracked 
|  15|0x0000000080f00000, 0x0000000081000000, 0x0000000081000000|100%| O|  |TAMS 0x0000000081000000, 0x0000000081000000| Untracked 
|  16|0x0000000081000000, 0x0000000081100000, 0x0000000081100000|100%| O|  |TAMS 0x0000000081100000, 0x0000000081100000| Untracked 
|  17|0x0000000081100000, 0x0000000081200000, 0x0000000081200000|100%| O|  |TAMS 0x0000000081200000, 0x0000000081200000| Untracked 
|  18|0x0000000081200000, 0x0000000081300000, 0x0000000081300000|100%| O|  |TAMS 0x0000000081300000, 0x0000000081300000| Untracked 
|  19|0x0000000081300000, 0x0000000081400000, 0x0000000081400000|100%| O|  |TAMS 0x0000000081400000, 0x0000000081400000| Untracked 
|  20|0x0000000081400000, 0x0000000081500000, 0x0000000081500000|100%| O|  |TAMS 0x0000000081500000, 0x0000000081500000| Untracked 
|  21|0x0000000081500000, 0x0000000081600000, 0x0000000081600000|100%| O|  |TAMS 0x0000000081600000, 0x0000000081600000| Untracked 
|  22|0x0000000081600000, 0x0000000081700000, 0x0000000081700000|100%| O|  |TAMS 0x0000000081700000, 0x0000000081700000| Untracked 
|  23|0x0000000081700000, 0x0000000081800000, 0x0000000081800000|100%| O|  |TAMS 0x0000000081800000, 0x0000000081800000| Untracked 
|  24|0x0000000081800000, 0x0000000081900000, 0x0000000081900000|100%| O|  |TAMS 0x0000000081900000, 0x0000000081900000| Untracked 
|  25|0x0000000081900000, 0x0000000081a00000, 0x0000000081a00000|100%| O|  |TAMS 0x0000000081a00000, 0x0000000081a00000| Untracked 
|  26|0x0000000081a00000, 0x0000000081b00000, 0x0000000081b00000|100%| O|  |TAMS 0x0000000081b00000, 0x0000000081b00000| Untracked 
|  27|0x0000000081b00000, 0x0000000081c00000, 0x0000000081c00000|100%| O|  |TAMS 0x0000000081c00000, 0x0000000081c00000| Untracked 
|  28|0x0000000081c00000, 0x0000000081d00000, 0x0000000081d00000|100%| O|  |TAMS 0x0000000081d00000, 0x0000000081d00000| Untracked 
|  29|0x0000000081d00000, 0x0000000081e00000, 0x0000000081e00000|100%| O|  |TAMS 0x0000000081e00000, 0x0000000081e00000| Untracked 
|  30|0x0000000081e00000, 0x0000000081f00000, 0x0000000081f00000|100%| O|  |TAMS 0x0000000081f00000, 0x0000000081f00000| Untracked 
|  31|0x0000000081f00000, 0x0000000082000000, 0x0000000082000000|100%|HS|  |TAMS 0x0000000082000000, 0x0000000082000000| Complete 
|  32|0x0000000082000000, 0x0000000082100000, 0x0000000082100000|100%|HS|  |TAMS 0x0000000082100000, 0x0000000082100000| Complete 
|  33|0x0000000082100000, 0x0000000082200000, 0x0000000082200000|100%|HS|  |TAMS 0x0000000082200000, 0x0000000082200000| Complete 
|  34|0x0000000082200000, 0x0000000082300000, 0x0000000082300000|100%| O|  |TAMS 0x0000000082300000, 0x0000000082300000| Untracked 
|  35|0x0000000082300000, 0x0000000082400000, 0x0000000082400000|100%| O|  |TAMS 0x0000000082400000, 0x0000000082400000| Untracked 
|  36|0x0000000082400000, 0x0000000082500000, 0x0000000082500000|100%| O|  |TAMS 0x0000000082500000, 0x0000000082500000| Untracked 
|  37|0x0000000082500000, 0x0000000082600000, 0x0000000082600000|100%|HS|  |TAMS 0x0000000082600000, 0x0000000082600000| Complete 
|  38|0x0000000082600000, 0x0000000082700000, 0x0000000082700000|100%|HC|  |TAMS 0x0000000082700000, 0x0000000082700000| Complete 
|  39|0x0000000082700000, 0x0000000082800000, 0x0000000082800000|100%| O|  |TAMS 0x0000000082800000, 0x0000000082800000| Untracked 
|  40|0x0000000082800000, 0x0000000082900000, 0x0000000082900000|100%| O|  |TAMS 0x0000000082900000, 0x0000000082900000| Untracked 
|  41|0x0000000082900000, 0x0000000082a00000, 0x0000000082a00000|100%| O|  |TAMS 0x0000000082a00000, 0x0000000082a00000| Untracked 
|  42|0x0000000082a00000, 0x0000000082b00000, 0x0000000082b00000|100%| O|  |TAMS 0x0000000082b00000, 0x0000000082b00000| Untracked 
|  43|0x0000000082b00000, 0x0000000082c00000, 0x0000000082c00000|100%| O|  |TAMS 0x0000000082c00000, 0x0000000082c00000| Untracked 
|  44|0x0000000082c00000, 0x0000000082d00000, 0x0000000082d00000|100%| O|  |TAMS 0x0000000082d00000, 0x0000000082d00000| Untracked 
|  45|0x0000000082d00000, 0x0000000082e00000, 0x0000000082e00000|100%| O|  |TAMS 0x0000000082e00000, 0x0000000082e00000| Untracked 
|  46|0x0000000082e00000, 0x0000000082f00000, 0x0000000082f00000|100%| O|  |TAMS 0x0000000082f00000, 0x0000000082f00000| Untracked 
|  47|0x0000000082f00000, 0x0000000083000000, 0x0000000083000000|100%| O|  |TAMS 0x0000000083000000, 0x0000000083000000| Untracked 
|  48|0x0000000083000000, 0x0000000083100000, 0x0000000083100000|100%| O|  |TAMS 0x0000000083100000, 0x0000000083100000| Untracked 
|  49|0x0000000083100000, 0x0000000083200000, 0x0000000083200000|100%| O|  |TAMS 0x0000000083200000, 0x0000000083200000| Untracked 
|  50|0x0000000083200000, 0x0000000083300000, 0x0000000083300000|100%| O|  |TAMS 0x0000000083300000, 0x0000000083300000| Untracked 
|  51|0x0000000083300000, 0x0000000083300000, 0x0000000083400000|  0%| F|  |TAMS 0x0000000083300000, 0x0000000083300000| Untracked 
|  52|0x0000000083400000, 0x0000000083500000, 0x0000000083500000|100%| O|  |TAMS 0x0000000083500000, 0x0000000083500000| Untracked 
|  53|0x0000000083500000, 0x0000000083600000, 0x0000000083600000|100%| O|  |TAMS 0x0000000083600000, 0x0000000083600000| Untracked 
|  54|0x0000000083600000, 0x0000000083700000, 0x0000000083700000|100%| O|  |TAMS 0x0000000083700000, 0x0000000083700000| Untracked 
|  55|0x0000000083700000, 0x0000000083800000, 0x0000000083800000|100%| O|  |TAMS 0x0000000083800000, 0x0000000083800000| Untracked 
|  56|0x0000000083800000, 0x0000000083900000, 0x0000000083900000|100%| O|  |TAMS 0x0000000083900000, 0x0000000083900000| Untracked 
|  57|0x0000000083900000, 0x0000000083a00000, 0x0000000083a00000|100%| O|  |TAMS 0x0000000083a00000, 0x0000000083a00000| Untracked 
|  58|0x0000000083a00000, 0x0000000083b00000, 0x0000000083b00000|100%| O|  |TAMS 0x0000000083b00000, 0x0000000083b00000| Untracked 
|  59|0x0000000083b00000, 0x0000000083b00000, 0x0000000083c00000|  0%| F|  |TAMS 0x0000000083b00000, 0x0000000083b00000| Untracked 
|  60|0x0000000083c00000, 0x0000000083d00000, 0x0000000083d00000|100%| O|  |TAMS 0x0000000083d00000, 0x0000000083d00000| Untracked 
|  61|0x0000000083d00000, 0x0000000083e00000, 0x0000000083e00000|100%| O|  |TAMS 0x0000000083e00000, 0x0000000083e00000| Untracked 
|  62|0x0000000083e00000, 0x0000000083f00000, 0x0000000083f00000|100%| O|  |TAMS 0x0000000083f00000, 0x0000000083f00000| Untracked 
|  63|0x0000000083f00000, 0x0000000084000000, 0x0000000084000000|100%| O|  |TAMS 0x0000000084000000, 0x0000000084000000| Untracked 
|  64|0x0000000084000000, 0x0000000084100000, 0x0000000084100000|100%| O|  |TAMS 0x0000000084100000, 0x0000000084100000| Untracked 
|  65|0x0000000084100000, 0x0000000084200000, 0x0000000084200000|100%| O|  |TAMS 0x0000000084200000, 0x0000000084200000| Untracked 
|  66|0x0000000084200000, 0x0000000084300000, 0x0000000084300000|100%| O|  |TAMS 0x0000000084300000, 0x0000000084300000| Untracked 
|  67|0x0000000084300000, 0x0000000084400000, 0x0000000084400000|100%| O|  |TAMS 0x0000000084400000, 0x0000000084400000| Untracked 
|  68|0x0000000084400000, 0x0000000084500000, 0x0000000084500000|100%| O|  |TAMS 0x0000000084500000, 0x0000000084500000| Untracked 
|  69|0x0000000084500000, 0x0000000084600000, 0x0000000084600000|100%| O|  |TAMS 0x0000000084600000, 0x0000000084600000| Untracked 
|  70|0x0000000084600000, 0x0000000084700000, 0x0000000084700000|100%| O|  |TAMS 0x0000000084700000, 0x0000000084700000| Untracked 
|  71|0x0000000084700000, 0x0000000084800000, 0x0000000084800000|100%| O|  |TAMS 0x0000000084800000, 0x0000000084800000| Untracked 
|  72|0x0000000084800000, 0x0000000084900000, 0x0000000084900000|100%| O|  |TAMS 0x0000000084900000, 0x0000000084900000| Untracked 
|  73|0x0000000084900000, 0x0000000084a00000, 0x0000000084a00000|100%| O|  |TAMS 0x0000000084a00000, 0x0000000084a00000| Untracked 
|  74|0x0000000084a00000, 0x0000000084a00000, 0x0000000084b00000|  0%| F|  |TAMS 0x0000000084a00000, 0x0000000084a00000| Untracked 
|  75|0x0000000084b00000, 0x0000000084c00000, 0x0000000084c00000|100%| O|  |TAMS 0x0000000084c00000, 0x0000000084c00000| Untracked 
|  76|0x0000000084c00000, 0x0000000084d00000, 0x0000000084d00000|100%| O|  |TAMS 0x0000000084d00000, 0x0000000084d00000| Untracked 
|  77|0x0000000084d00000, 0x0000000084d00000, 0x0000000084e00000|  0%| F|  |TAMS 0x0000000084d00000, 0x0000000084d00000| Untracked 
|  78|0x0000000084e00000, 0x0000000084f00000, 0x0000000084f00000|100%| O|  |TAMS 0x0000000084f00000, 0x0000000084f00000| Untracked 
|  79|0x0000000084f00000, 0x0000000084f00000, 0x0000000085000000|  0%| F|  |TAMS 0x0000000084f00000, 0x0000000084f00000| Untracked 
|  80|0x0000000085000000, 0x0000000085000000, 0x0000000085100000|  0%| F|  |TAMS 0x0000000085000000, 0x0000000085000000| Untracked 
|  81|0x0000000085100000, 0x0000000085200000, 0x0000000085200000|100%| O|  |TAMS 0x0000000085200000, 0x0000000085200000| Untracked 
|  82|0x0000000085200000, 0x0000000085300000, 0x0000000085300000|100%| O|  |TAMS 0x0000000085300000, 0x0000000085300000| Untracked 
|  83|0x0000000085300000, 0x0000000085400000, 0x0000000085400000|100%| O|  |TAMS 0x0000000085400000, 0x0000000085400000| Untracked 
|  84|0x0000000085400000, 0x0000000085500000, 0x0000000085500000|100%|HS|  |TAMS 0x0000000085500000, 0x0000000085500000| Complete 
|  85|0x0000000085500000, 0x0000000085600000, 0x0000000085600000|100%|HC|  |TAMS 0x0000000085600000, 0x0000000085600000| Complete 
|  86|0x0000000085600000, 0x0000000085600000, 0x0000000085700000|  0%| F|  |TAMS 0x0000000085600000, 0x0000000085600000| Untracked 
|  87|0x0000000085700000, 0x0000000085800000, 0x0000000085800000|100%| O|  |TAMS 0x0000000085800000, 0x0000000085800000| Untracked 
|  88|0x0000000085800000, 0x0000000085900000, 0x0000000085900000|100%| O|  |TAMS 0x0000000085900000, 0x0000000085900000| Untracked 
|  89|0x0000000085900000, 0x0000000085a00000, 0x0000000085a00000|100%| O|  |TAMS 0x0000000085a00000, 0x0000000085a00000| Untracked 
|  90|0x0000000085a00000, 0x0000000085a00000, 0x0000000085b00000|  0%| F|  |TAMS 0x0000000085a00000, 0x0000000085a00000| Untracked 
|  91|0x0000000085b00000, 0x0000000085b00000, 0x0000000085c00000|  0%| F|  |TAMS 0x0000000085b00000, 0x0000000085b00000| Untracked 
|  92|0x0000000085c00000, 0x0000000085d00000, 0x0000000085d00000|100%| O|  |TAMS 0x0000000085d00000, 0x0000000085d00000| Untracked 
|  93|0x0000000085d00000, 0x0000000085e00000, 0x0000000085e00000|100%| O|  |TAMS 0x0000000085d60600, 0x0000000085e00000| Untracked 
|  94|0x0000000085e00000, 0x0000000085f00000, 0x0000000085f00000|100%| O|  |TAMS 0x0000000085f00000, 0x0000000085f00000| Untracked 
|  95|0x0000000085f00000, 0x0000000085f00000, 0x0000000086000000|  0%| F|  |TAMS 0x0000000085f00000, 0x0000000085f00000| Untracked 
|  96|0x0000000086000000, 0x0000000086000000, 0x0000000086100000|  0%| F|  |TAMS 0x0000000086000000, 0x0000000086000000| Untracked 
|  97|0x0000000086100000, 0x0000000086200000, 0x0000000086200000|100%| O|  |TAMS 0x0000000086200000, 0x0000000086200000| Untracked 
|  98|0x0000000086200000, 0x0000000086300000, 0x0000000086300000|100%| O|  |TAMS 0x0000000086300000, 0x0000000086300000| Untracked 
|  99|0x0000000086300000, 0x0000000086400000, 0x0000000086400000|100%| O|  |TAMS 0x0000000086400000, 0x0000000086400000| Untracked 
| 100|0x0000000086400000, 0x0000000086500000, 0x0000000086500000|100%| O|  |TAMS 0x0000000086500000, 0x0000000086500000| Untracked 
| 101|0x0000000086500000, 0x0000000086600000, 0x0000000086600000|100%| O|  |TAMS 0x0000000086600000, 0x0000000086600000| Untracked 
| 102|0x0000000086600000, 0x0000000086700000, 0x0000000086700000|100%| O|  |TAMS 0x0000000086600000, 0x0000000086700000| Untracked 
| 103|0x0000000086700000, 0x0000000086800000, 0x0000000086800000|100%| O|  |TAMS 0x0000000086800000, 0x0000000086800000| Untracked 
| 104|0x0000000086800000, 0x0000000086900000, 0x0000000086900000|100%| O|  |TAMS 0x0000000086900000, 0x0000000086900000| Untracked 
| 105|0x0000000086900000, 0x0000000086a00000, 0x0000000086a00000|100%| O|  |TAMS 0x0000000086900000, 0x0000000086a00000| Untracked 
| 106|0x0000000086a00000, 0x0000000086b00000, 0x0000000086b00000|100%| O|  |TAMS 0x0000000086a00000, 0x0000000086b00000| Untracked 
| 107|0x0000000086b00000, 0x0000000086c00000, 0x0000000086c00000|100%| O|  |TAMS 0x0000000086b00000, 0x0000000086c00000| Untracked 
| 108|0x0000000086c00000, 0x0000000086d00000, 0x0000000086d00000|100%| O|  |TAMS 0x0000000086c00000, 0x0000000086d00000| Untracked 
| 109|0x0000000086d00000, 0x0000000086d7dc00, 0x0000000086e00000| 49%| O|  |TAMS 0x0000000086d00000, 0x0000000086d7dc00| Untracked 
| 110|0x0000000086e00000, 0x0000000086e00000, 0x0000000086f00000|  0%| F|  |TAMS 0x0000000086e00000, 0x0000000086e00000| Untracked 
| 111|0x0000000086f00000, 0x0000000086f00000, 0x0000000087000000|  0%| F|  |TAMS 0x0000000086f00000, 0x0000000086f00000| Untracked 
| 112|0x0000000087000000, 0x0000000087100000, 0x0000000087100000|100%| O|  |TAMS 0x0000000087100000, 0x0000000087100000| Untracked 
| 113|0x0000000087100000, 0x0000000087100000, 0x0000000087200000|  0%| F|  |TAMS 0x0000000087100000, 0x0000000087100000| Untracked 
| 114|0x0000000087200000, 0x0000000087200000, 0x0000000087300000|  0%| F|  |TAMS 0x0000000087200000, 0x0000000087200000| Untracked 
| 115|0x0000000087300000, 0x0000000087300000, 0x0000000087400000|  0%| F|  |TAMS 0x0000000087300000, 0x0000000087300000| Untracked 
| 116|0x0000000087400000, 0x0000000087400000, 0x0000000087500000|  0%| F|  |TAMS 0x0000000087400000, 0x0000000087400000| Untracked 
| 117|0x0000000087500000, 0x0000000087500000, 0x0000000087600000|  0%| F|  |TAMS 0x0000000087500000, 0x0000000087500000| Untracked 
| 118|0x0000000087600000, 0x0000000087600000, 0x0000000087700000|  0%| F|  |TAMS 0x0000000087600000, 0x0000000087600000| Untracked 
| 119|0x0000000087700000, 0x0000000087700000, 0x0000000087800000|  0%| F|  |TAMS 0x0000000087700000, 0x0000000087700000| Untracked 
| 120|0x0000000087800000, 0x0000000087800000, 0x0000000087900000|  0%| F|  |TAMS 0x0000000087800000, 0x0000000087800000| Untracked 
| 121|0x0000000087900000, 0x0000000087900000, 0x0000000087a00000|  0%| F|  |TAMS 0x0000000087900000, 0x0000000087900000| Untracked 
| 122|0x0000000087a00000, 0x0000000087a00000, 0x0000000087b00000|  0%| F|  |TAMS 0x0000000087a00000, 0x0000000087a00000| Untracked 
| 123|0x0000000087b00000, 0x0000000087b00000, 0x0000000087c00000|  0%| F|  |TAMS 0x0000000087b00000, 0x0000000087b00000| Untracked 
| 124|0x0000000087c00000, 0x0000000087c00000, 0x0000000087d00000|  0%| F|  |TAMS 0x0000000087c00000, 0x0000000087c00000| Untracked 
| 125|0x0000000087d00000, 0x0000000087d00000, 0x0000000087e00000|  0%| F|  |TAMS 0x0000000087d00000, 0x0000000087d00000| Untracked 
| 126|0x0000000087e00000, 0x0000000087e00000, 0x0000000087f00000|  0%| F|  |TAMS 0x0000000087e00000, 0x0000000087e00000| Untracked 
| 127|0x0000000087f00000, 0x0000000087f00000, 0x0000000088000000|  0%| F|  |TAMS 0x0000000087f00000, 0x0000000087f00000| Untracked 
| 128|0x0000000088000000, 0x0000000088000000, 0x0000000088100000|  0%| F|  |TAMS 0x0000000088000000, 0x0000000088000000| Untracked 
| 129|0x0000000088100000, 0x0000000088100000, 0x0000000088200000|  0%| F|  |TAMS 0x0000000088100000, 0x0000000088100000| Untracked 
| 130|0x0000000088200000, 0x0000000088200000, 0x0000000088300000|  0%| F|  |TAMS 0x0000000088200000, 0x0000000088200000| Untracked 
| 131|0x0000000088300000, 0x0000000088300000, 0x0000000088400000|  0%| F|  |TAMS 0x0000000088300000, 0x0000000088300000| Untracked 
| 132|0x0000000088400000, 0x0000000088400000, 0x0000000088500000|  0%| F|  |TAMS 0x0000000088400000, 0x0000000088400000| Untracked 
| 133|0x0000000088500000, 0x0000000088500000, 0x0000000088600000|  0%| F|  |TAMS 0x0000000088500000, 0x0000000088500000| Untracked 
| 134|0x0000000088600000, 0x0000000088600000, 0x0000000088700000|  0%| F|  |TAMS 0x0000000088600000, 0x0000000088600000| Untracked 
| 135|0x0000000088700000, 0x0000000088700000, 0x0000000088800000|  0%| F|  |TAMS 0x0000000088700000, 0x0000000088700000| Untracked 
| 136|0x0000000088800000, 0x0000000088800000, 0x0000000088900000|  0%| F|  |TAMS 0x0000000088800000, 0x0000000088800000| Untracked 
| 137|0x0000000088900000, 0x0000000088900000, 0x0000000088a00000|  0%| F|  |TAMS 0x0000000088900000, 0x0000000088900000| Untracked 
| 138|0x0000000088a00000, 0x0000000088a00000, 0x0000000088b00000|  0%| F|  |TAMS 0x0000000088a00000, 0x0000000088a00000| Untracked 
| 139|0x0000000088b00000, 0x0000000088b00000, 0x0000000088c00000|  0%| F|  |TAMS 0x0000000088b00000, 0x0000000088b00000| Untracked 
| 140|0x0000000088c00000, 0x0000000088c00000, 0x0000000088d00000|  0%| F|  |TAMS 0x0000000088c00000, 0x0000000088c00000| Untracked 
| 141|0x0000000088d00000, 0x0000000088d00000, 0x0000000088e00000|  0%| F|  |TAMS 0x0000000088d00000, 0x0000000088d00000| Untracked 
| 142|0x0000000088e00000, 0x0000000088e00000, 0x0000000088f00000|  0%| F|  |TAMS 0x0000000088e00000, 0x0000000088e00000| Untracked 
| 143|0x0000000088f00000, 0x0000000088f00000, 0x0000000089000000|  0%| F|  |TAMS 0x0000000088f00000, 0x0000000088f00000| Untracked 
| 144|0x0000000089000000, 0x0000000089000000, 0x0000000089100000|  0%| F|  |TAMS 0x0000000089000000, 0x0000000089000000| Untracked 
| 145|0x0000000089100000, 0x0000000089100000, 0x0000000089200000|  0%| F|  |TAMS 0x0000000089100000, 0x0000000089100000| Untracked 
| 146|0x0000000089200000, 0x0000000089200000, 0x0000000089300000|  0%| F|  |TAMS 0x0000000089200000, 0x0000000089200000| Untracked 
| 147|0x0000000089300000, 0x0000000089300000, 0x0000000089400000|  0%| F|  |TAMS 0x0000000089300000, 0x0000000089300000| Untracked 
| 148|0x0000000089400000, 0x0000000089400000, 0x0000000089500000|  0%| F|  |TAMS 0x0000000089400000, 0x0000000089400000| Untracked 
| 149|0x0000000089500000, 0x0000000089500000, 0x0000000089600000|  0%| F|  |TAMS 0x0000000089500000, 0x0000000089500000| Untracked 
| 150|0x0000000089600000, 0x0000000089600000, 0x0000000089700000|  0%| F|  |TAMS 0x0000000089600000, 0x0000000089600000| Untracked 
| 151|0x0000000089700000, 0x0000000089700000, 0x0000000089800000|  0%| F|  |TAMS 0x0000000089700000, 0x0000000089700000| Untracked 
| 152|0x0000000089800000, 0x0000000089800000, 0x0000000089900000|  0%| F|  |TAMS 0x0000000089800000, 0x0000000089800000| Untracked 
| 153|0x0000000089900000, 0x0000000089900000, 0x0000000089a00000|  0%| F|  |TAMS 0x0000000089900000, 0x0000000089900000| Untracked 
| 154|0x0000000089a00000, 0x0000000089a00000, 0x0000000089b00000|  0%| F|  |TAMS 0x0000000089a00000, 0x0000000089a00000| Untracked 
| 155|0x0000000089b00000, 0x0000000089b00000, 0x0000000089c00000|  0%| F|  |TAMS 0x0000000089b00000, 0x0000000089b00000| Untracked 
| 156|0x0000000089c00000, 0x0000000089c00000, 0x0000000089d00000|  0%| F|  |TAMS 0x0000000089c00000, 0x0000000089c00000| Untracked 
| 157|0x0000000089d00000, 0x0000000089d00000, 0x0000000089e00000|  0%| F|  |TAMS 0x0000000089d00000, 0x0000000089d00000| Untracked 
| 158|0x0000000089e00000, 0x0000000089e00000, 0x0000000089f00000|  0%| F|  |TAMS 0x0000000089e00000, 0x0000000089e00000| Untracked 
| 159|0x0000000089f00000, 0x0000000089f00000, 0x000000008a000000|  0%| F|  |TAMS 0x0000000089f00000, 0x0000000089f00000| Untracked 
| 160|0x000000008a000000, 0x000000008a000000, 0x000000008a100000|  0%| F|  |TAMS 0x000000008a000000, 0x000000008a000000| Untracked 
| 161|0x000000008a100000, 0x000000008a100000, 0x000000008a200000|  0%| F|  |TAMS 0x000000008a100000, 0x000000008a100000| Untracked 
| 162|0x000000008a200000, 0x000000008a200000, 0x000000008a300000|  0%| F|  |TAMS 0x000000008a200000, 0x000000008a200000| Untracked 
| 163|0x000000008a300000, 0x000000008a300000, 0x000000008a400000|  0%| F|  |TAMS 0x000000008a300000, 0x000000008a300000| Untracked 
| 164|0x000000008a400000, 0x000000008a400000, 0x000000008a500000|  0%| F|  |TAMS 0x000000008a400000, 0x000000008a400000| Untracked 
| 165|0x000000008a500000, 0x000000008a500000, 0x000000008a600000|  0%| F|  |TAMS 0x000000008a500000, 0x000000008a500000| Untracked 
| 166|0x000000008a600000, 0x000000008a600000, 0x000000008a700000|  0%| F|  |TAMS 0x000000008a600000, 0x000000008a600000| Untracked 
| 167|0x000000008a700000, 0x000000008a700000, 0x000000008a800000|  0%| F|  |TAMS 0x000000008a700000, 0x000000008a700000| Untracked 
| 168|0x000000008a800000, 0x000000008a800000, 0x000000008a900000|  0%| F|  |TAMS 0x000000008a800000, 0x000000008a800000| Untracked 
| 169|0x000000008a900000, 0x000000008a900000, 0x000000008aa00000|  0%| F|  |TAMS 0x000000008a900000, 0x000000008a900000| Untracked 
| 170|0x000000008aa00000, 0x000000008aa00000, 0x000000008ab00000|  0%| F|  |TAMS 0x000000008aa00000, 0x000000008aa00000| Untracked 
| 171|0x000000008ab00000, 0x000000008ab00000, 0x000000008ac00000|  0%| F|  |TAMS 0x000000008ab00000, 0x000000008ab00000| Untracked 
| 172|0x000000008ac00000, 0x000000008ac00000, 0x000000008ad00000|  0%| F|  |TAMS 0x000000008ac00000, 0x000000008ac00000| Untracked 
| 173|0x000000008ad00000, 0x000000008ad00000, 0x000000008ae00000|  0%| F|  |TAMS 0x000000008ad00000, 0x000000008ad00000| Untracked 
| 174|0x000000008ae00000, 0x000000008ae00000, 0x000000008af00000|  0%| F|  |TAMS 0x000000008ae00000, 0x000000008ae00000| Untracked 
| 175|0x000000008af00000, 0x000000008af00000, 0x000000008b000000|  0%| F|  |TAMS 0x000000008af00000, 0x000000008af00000| Untracked 
| 176|0x000000008b000000, 0x000000008b000000, 0x000000008b100000|  0%| F|  |TAMS 0x000000008b000000, 0x000000008b000000| Untracked 
| 177|0x000000008b100000, 0x000000008b100000, 0x000000008b200000|  0%| F|  |TAMS 0x000000008b100000, 0x000000008b100000| Untracked 
| 178|0x000000008b200000, 0x000000008b200000, 0x000000008b300000|  0%| F|  |TAMS 0x000000008b200000, 0x000000008b200000| Untracked 
| 179|0x000000008b300000, 0x000000008b300000, 0x000000008b400000|  0%| F|  |TAMS 0x000000008b300000, 0x000000008b300000| Untracked 
| 180|0x000000008b400000, 0x000000008b400000, 0x000000008b500000|  0%| F|  |TAMS 0x000000008b400000, 0x000000008b400000| Untracked 
| 181|0x000000008b500000, 0x000000008b500000, 0x000000008b600000|  0%| F|  |TAMS 0x000000008b500000, 0x000000008b500000| Untracked 
| 182|0x000000008b600000, 0x000000008b600000, 0x000000008b700000|  0%| F|  |TAMS 0x000000008b600000, 0x000000008b600000| Untracked 
| 183|0x000000008b700000, 0x000000008b700000, 0x000000008b800000|  0%| F|  |TAMS 0x000000008b700000, 0x000000008b700000| Untracked 
| 184|0x000000008b800000, 0x000000008b800000, 0x000000008b900000|  0%| F|  |TAMS 0x000000008b800000, 0x000000008b800000| Untracked 
| 185|0x000000008b900000, 0x000000008b900000, 0x000000008ba00000|  0%| F|  |TAMS 0x000000008b900000, 0x000000008b900000| Untracked 
| 186|0x000000008ba00000, 0x000000008ba00000, 0x000000008bb00000|  0%| F|  |TAMS 0x000000008ba00000, 0x000000008ba00000| Untracked 
| 187|0x000000008bb00000, 0x000000008bb00000, 0x000000008bc00000|  0%| F|  |TAMS 0x000000008bb00000, 0x000000008bb00000| Untracked 
| 188|0x000000008bc00000, 0x000000008bc00000, 0x000000008bd00000|  0%| F|  |TAMS 0x000000008bc00000, 0x000000008bc00000| Untracked 
| 189|0x000000008bd00000, 0x000000008bd00000, 0x000000008be00000|  0%| F|  |TAMS 0x000000008bd00000, 0x000000008bd00000| Untracked 
| 190|0x000000008be00000, 0x000000008be00000, 0x000000008bf00000|  0%| F|  |TAMS 0x000000008be00000, 0x000000008be00000| Untracked 
| 191|0x000000008bf00000, 0x000000008bf00000, 0x000000008c000000|  0%| F|  |TAMS 0x000000008bf00000, 0x000000008bf00000| Untracked 
| 192|0x000000008c000000, 0x000000008c000000, 0x000000008c100000|  0%| F|  |TAMS 0x000000008c000000, 0x000000008c000000| Untracked 
| 193|0x000000008c100000, 0x000000008c100000, 0x000000008c200000|  0%| F|  |TAMS 0x000000008c100000, 0x000000008c100000| Untracked 
| 194|0x000000008c200000, 0x000000008c200000, 0x000000008c300000|  0%| F|  |TAMS 0x000000008c200000, 0x000000008c200000| Untracked 
| 195|0x000000008c300000, 0x000000008c300000, 0x000000008c400000|  0%| F|  |TAMS 0x000000008c300000, 0x000000008c300000| Untracked 
| 196|0x000000008c400000, 0x000000008c400000, 0x000000008c500000|  0%| F|  |TAMS 0x000000008c400000, 0x000000008c400000| Untracked 
| 197|0x000000008c500000, 0x000000008c500000, 0x000000008c600000|  0%| F|  |TAMS 0x000000008c500000, 0x000000008c500000| Untracked 
| 198|0x000000008c600000, 0x000000008c600000, 0x000000008c700000|  0%| F|  |TAMS 0x000000008c600000, 0x000000008c600000| Untracked 
| 199|0x000000008c700000, 0x000000008c700000, 0x000000008c800000|  0%| F|  |TAMS 0x000000008c700000, 0x000000008c700000| Untracked 
| 200|0x000000008c800000, 0x000000008c800000, 0x000000008c900000|  0%| F|  |TAMS 0x000000008c800000, 0x000000008c800000| Untracked 
| 201|0x000000008c900000, 0x000000008c900000, 0x000000008ca00000|  0%| F|  |TAMS 0x000000008c900000, 0x000000008c900000| Untracked 
| 202|0x000000008ca00000, 0x000000008ca00000, 0x000000008cb00000|  0%| F|  |TAMS 0x000000008ca00000, 0x000000008ca00000| Untracked 
| 203|0x000000008cb00000, 0x000000008cb00000, 0x000000008cc00000|  0%| F|  |TAMS 0x000000008cb00000, 0x000000008cb00000| Untracked 
| 204|0x000000008cc00000, 0x000000008cc00000, 0x000000008cd00000|  0%| F|  |TAMS 0x000000008cc00000, 0x000000008cc00000| Untracked 
| 205|0x000000008cd00000, 0x000000008cd00000, 0x000000008ce00000|  0%| F|  |TAMS 0x000000008cd00000, 0x000000008cd00000| Untracked 
| 206|0x000000008ce00000, 0x000000008ce00000, 0x000000008cf00000|  0%| F|  |TAMS 0x000000008ce00000, 0x000000008ce00000| Untracked 
| 207|0x000000008cf00000, 0x000000008cf00000, 0x000000008d000000|  0%| F|  |TAMS 0x000000008cf00000, 0x000000008cf00000| Untracked 
| 208|0x000000008d000000, 0x000000008d000000, 0x000000008d100000|  0%| F|  |TAMS 0x000000008d000000, 0x000000008d000000| Untracked 
| 209|0x000000008d100000, 0x000000008d100000, 0x000000008d200000|  0%| F|  |TAMS 0x000000008d100000, 0x000000008d100000| Untracked 
| 210|0x000000008d200000, 0x000000008d200000, 0x000000008d300000|  0%| F|  |TAMS 0x000000008d200000, 0x000000008d200000| Untracked 
| 211|0x000000008d300000, 0x000000008d300000, 0x000000008d400000|  0%| F|  |TAMS 0x000000008d300000, 0x000000008d300000| Untracked 
| 212|0x000000008d400000, 0x000000008d400000, 0x000000008d500000|  0%| F|  |TAMS 0x000000008d400000, 0x000000008d400000| Untracked 
| 213|0x000000008d500000, 0x000000008d500000, 0x000000008d600000|  0%| F|  |TAMS 0x000000008d500000, 0x000000008d500000| Untracked 
| 214|0x000000008d600000, 0x000000008d600000, 0x000000008d700000|  0%| F|  |TAMS 0x000000008d600000, 0x000000008d600000| Untracked 
| 215|0x000000008d700000, 0x000000008d700000, 0x000000008d800000|  0%| F|  |TAMS 0x000000008d700000, 0x000000008d700000| Untracked 
| 216|0x000000008d800000, 0x000000008d800000, 0x000000008d900000|  0%| F|  |TAMS 0x000000008d800000, 0x000000008d800000| Untracked 
| 217|0x000000008d900000, 0x000000008d900000, 0x000000008da00000|  0%| F|  |TAMS 0x000000008d900000, 0x000000008d900000| Untracked 
| 218|0x000000008da00000, 0x000000008da00000, 0x000000008db00000|  0%| F|  |TAMS 0x000000008da00000, 0x000000008da00000| Untracked 
| 219|0x000000008db00000, 0x000000008db00000, 0x000000008dc00000|  0%| F|  |TAMS 0x000000008db00000, 0x000000008db00000| Untracked 
| 220|0x000000008dc00000, 0x000000008dc00000, 0x000000008dd00000|  0%| F|  |TAMS 0x000000008dc00000, 0x000000008dc00000| Untracked 
| 221|0x000000008dd00000, 0x000000008dd00000, 0x000000008de00000|  0%| F|  |TAMS 0x000000008dd00000, 0x000000008dd00000| Untracked 
| 222|0x000000008de00000, 0x000000008de00000, 0x000000008df00000|  0%| F|  |TAMS 0x000000008de00000, 0x000000008de00000| Untracked 
| 223|0x000000008df00000, 0x000000008df00000, 0x000000008e000000|  0%| F|  |TAMS 0x000000008df00000, 0x000000008df00000| Untracked 
| 224|0x000000008e000000, 0x000000008e000000, 0x000000008e100000|  0%| F|  |TAMS 0x000000008e000000, 0x000000008e000000| Untracked 
| 225|0x000000008e100000, 0x000000008e100000, 0x000000008e200000|  0%| F|  |TAMS 0x000000008e100000, 0x000000008e100000| Untracked 
| 226|0x000000008e200000, 0x000000008e200000, 0x000000008e300000|  0%| F|  |TAMS 0x000000008e200000, 0x000000008e200000| Untracked 
| 227|0x000000008e300000, 0x000000008e300000, 0x000000008e400000|  0%| F|  |TAMS 0x000000008e300000, 0x000000008e300000| Untracked 
| 228|0x000000008e400000, 0x000000008e400000, 0x000000008e500000|  0%| F|  |TAMS 0x000000008e400000, 0x000000008e400000| Untracked 
| 229|0x000000008e500000, 0x000000008e500000, 0x000000008e600000|  0%| F|  |TAMS 0x000000008e500000, 0x000000008e500000| Untracked 
| 230|0x000000008e600000, 0x000000008e600000, 0x000000008e700000|  0%| F|  |TAMS 0x000000008e600000, 0x000000008e600000| Untracked 
| 231|0x000000008e700000, 0x000000008e700000, 0x000000008e800000|  0%| F|  |TAMS 0x000000008e700000, 0x000000008e700000| Untracked 
| 232|0x000000008e800000, 0x000000008e800000, 0x000000008e900000|  0%| F|  |TAMS 0x000000008e800000, 0x000000008e800000| Untracked 
| 233|0x000000008e900000, 0x000000008e900000, 0x000000008ea00000|  0%| F|  |TAMS 0x000000008e900000, 0x000000008e900000| Untracked 
| 234|0x000000008ea00000, 0x000000008ea00000, 0x000000008eb00000|  0%| F|  |TAMS 0x000000008ea00000, 0x000000008ea00000| Untracked 
| 235|0x000000008eb00000, 0x000000008eb00000, 0x000000008ec00000|  0%| F|  |TAMS 0x000000008eb00000, 0x000000008eb00000| Untracked 
| 236|0x000000008ec00000, 0x000000008ec00000, 0x000000008ed00000|  0%| F|  |TAMS 0x000000008ec00000, 0x000000008ec00000| Untracked 
| 237|0x000000008ed00000, 0x000000008ed00000, 0x000000008ee00000|  0%| F|  |TAMS 0x000000008ed00000, 0x000000008ed00000| Untracked 
| 238|0x000000008ee00000, 0x000000008ee00000, 0x000000008ef00000|  0%| F|  |TAMS 0x000000008ee00000, 0x000000008ee00000| Untracked 
| 239|0x000000008ef00000, 0x000000008ef00000, 0x000000008f000000|  0%| F|  |TAMS 0x000000008ef00000, 0x000000008ef00000| Untracked 
| 240|0x000000008f000000, 0x000000008f000000, 0x000000008f100000|  0%| F|  |TAMS 0x000000008f000000, 0x000000008f000000| Untracked 
| 241|0x000000008f100000, 0x000000008f100000, 0x000000008f200000|  0%| F|  |TAMS 0x000000008f100000, 0x000000008f100000| Untracked 
| 242|0x000000008f200000, 0x000000008f200000, 0x000000008f300000|  0%| F|  |TAMS 0x000000008f200000, 0x000000008f200000| Untracked 
| 243|0x000000008f300000, 0x000000008f300000, 0x000000008f400000|  0%| F|  |TAMS 0x000000008f300000, 0x000000008f300000| Untracked 
| 244|0x000000008f400000, 0x000000008f400000, 0x000000008f500000|  0%| F|  |TAMS 0x000000008f400000, 0x000000008f400000| Untracked 
| 245|0x000000008f500000, 0x000000008f500000, 0x000000008f600000|  0%| F|  |TAMS 0x000000008f500000, 0x000000008f500000| Untracked 
| 246|0x000000008f600000, 0x000000008f600000, 0x000000008f700000|  0%| F|  |TAMS 0x000000008f600000, 0x000000008f600000| Untracked 
| 247|0x000000008f700000, 0x000000008f700000, 0x000000008f800000|  0%| F|  |TAMS 0x000000008f700000, 0x000000008f700000| Untracked 
| 248|0x000000008f800000, 0x000000008f800000, 0x000000008f900000|  0%| F|  |TAMS 0x000000008f800000, 0x000000008f800000| Untracked 
| 249|0x000000008f900000, 0x000000008f900000, 0x000000008fa00000|  0%| F|  |TAMS 0x000000008f900000, 0x000000008f900000| Untracked 
| 250|0x000000008fa00000, 0x000000008fa00000, 0x000000008fb00000|  0%| F|  |TAMS 0x000000008fa00000, 0x000000008fa00000| Untracked 
| 251|0x000000008fb00000, 0x000000008fb00000, 0x000000008fc00000|  0%| F|  |TAMS 0x000000008fb00000, 0x000000008fb00000| Untracked 
| 252|0x000000008fc00000, 0x000000008fc00000, 0x000000008fd00000|  0%| F|  |TAMS 0x000000008fc00000, 0x000000008fc00000| Untracked 
| 253|0x000000008fd00000, 0x000000008fd00000, 0x000000008fe00000|  0%| F|  |TAMS 0x000000008fd00000, 0x000000008fd00000| Untracked 
| 254|0x000000008fe00000, 0x000000008fe00000, 0x000000008ff00000|  0%| F|  |TAMS 0x000000008fe00000, 0x000000008fe00000| Untracked 
| 255|0x000000008ff00000, 0x000000008ff00000, 0x0000000090000000|  0%| F|  |TAMS 0x000000008ff00000, 0x000000008ff00000| Untracked 
| 256|0x0000000090000000, 0x0000000090000000, 0x0000000090100000|  0%| F|  |TAMS 0x0000000090000000, 0x0000000090000000| Untracked 
| 257|0x0000000090100000, 0x0000000090100000, 0x0000000090200000|  0%| F|  |TAMS 0x0000000090100000, 0x0000000090100000| Untracked 
| 258|0x0000000090200000, 0x0000000090200000, 0x0000000090300000|  0%| F|  |TAMS 0x0000000090200000, 0x0000000090200000| Untracked 
| 259|0x0000000090300000, 0x0000000090300000, 0x0000000090400000|  0%| F|  |TAMS 0x0000000090300000, 0x0000000090300000| Untracked 
| 260|0x0000000090400000, 0x0000000090400000, 0x0000000090500000|  0%| F|  |TAMS 0x0000000090400000, 0x0000000090400000| Untracked 
| 261|0x0000000090500000, 0x0000000090500000, 0x0000000090600000|  0%| F|  |TAMS 0x0000000090500000, 0x0000000090500000| Untracked 
| 262|0x0000000090600000, 0x0000000090600000, 0x0000000090700000|  0%| F|  |TAMS 0x0000000090600000, 0x0000000090600000| Untracked 
| 263|0x0000000090700000, 0x0000000090700000, 0x0000000090800000|  0%| F|  |TAMS 0x0000000090700000, 0x0000000090700000| Untracked 
| 264|0x0000000090800000, 0x0000000090800000, 0x0000000090900000|  0%| F|  |TAMS 0x0000000090800000, 0x0000000090800000| Untracked 
| 265|0x0000000090900000, 0x0000000090900000, 0x0000000090a00000|  0%| F|  |TAMS 0x0000000090900000, 0x0000000090900000| Untracked 
| 266|0x0000000090a00000, 0x0000000090a00000, 0x0000000090b00000|  0%| F|  |TAMS 0x0000000090a00000, 0x0000000090a00000| Untracked 
| 267|0x0000000090b00000, 0x0000000090b00000, 0x0000000090c00000|  0%| F|  |TAMS 0x0000000090b00000, 0x0000000090b00000| Untracked 
| 268|0x0000000090c00000, 0x0000000090c00000, 0x0000000090d00000|  0%| F|  |TAMS 0x0000000090c00000, 0x0000000090c00000| Untracked 
| 269|0x0000000090d00000, 0x0000000090d00000, 0x0000000090e00000|  0%| F|  |TAMS 0x0000000090d00000, 0x0000000090d00000| Untracked 
| 270|0x0000000090e00000, 0x0000000090e00000, 0x0000000090f00000|  0%| F|  |TAMS 0x0000000090e00000, 0x0000000090e00000| Untracked 
| 271|0x0000000090f00000, 0x0000000090f00000, 0x0000000091000000|  0%| F|  |TAMS 0x0000000090f00000, 0x0000000090f00000| Untracked 
| 272|0x0000000091000000, 0x0000000091000000, 0x0000000091100000|  0%| F|  |TAMS 0x0000000091000000, 0x0000000091000000| Untracked 
| 273|0x0000000091100000, 0x0000000091100000, 0x0000000091200000|  0%| F|  |TAMS 0x0000000091100000, 0x0000000091100000| Untracked 
| 274|0x0000000091200000, 0x0000000091200000, 0x0000000091300000|  0%| F|  |TAMS 0x0000000091200000, 0x0000000091200000| Untracked 
| 275|0x0000000091300000, 0x0000000091300000, 0x0000000091400000|  0%| F|  |TAMS 0x0000000091300000, 0x0000000091300000| Untracked 
| 276|0x0000000091400000, 0x0000000091400000, 0x0000000091500000|  0%| F|  |TAMS 0x0000000091400000, 0x0000000091400000| Untracked 
| 277|0x0000000091500000, 0x0000000091500000, 0x0000000091600000|  0%| F|  |TAMS 0x0000000091500000, 0x0000000091500000| Untracked 
| 278|0x0000000091600000, 0x0000000091600000, 0x0000000091700000|  0%| F|  |TAMS 0x0000000091600000, 0x0000000091600000| Untracked 
| 279|0x0000000091700000, 0x0000000091700000, 0x0000000091800000|  0%| F|  |TAMS 0x0000000091700000, 0x0000000091700000| Untracked 
| 280|0x0000000091800000, 0x0000000091800000, 0x0000000091900000|  0%| F|  |TAMS 0x0000000091800000, 0x0000000091800000| Untracked 
| 281|0x0000000091900000, 0x0000000091900000, 0x0000000091a00000|  0%| F|  |TAMS 0x0000000091900000, 0x0000000091900000| Untracked 
| 282|0x0000000091a00000, 0x0000000091a00000, 0x0000000091b00000|  0%| F|  |TAMS 0x0000000091a00000, 0x0000000091a00000| Untracked 
| 283|0x0000000091b00000, 0x0000000091b00000, 0x0000000091c00000|  0%| F|  |TAMS 0x0000000091b00000, 0x0000000091b00000| Untracked 
| 284|0x0000000091c00000, 0x0000000091c00000, 0x0000000091d00000|  0%| F|  |TAMS 0x0000000091c00000, 0x0000000091c00000| Untracked 
| 285|0x0000000091d00000, 0x0000000091d00000, 0x0000000091e00000|  0%| F|  |TAMS 0x0000000091d00000, 0x0000000091d00000| Untracked 
| 286|0x0000000091e00000, 0x0000000091e00000, 0x0000000091f00000|  0%| F|  |TAMS 0x0000000091e00000, 0x0000000091e00000| Untracked 
| 287|0x0000000091f00000, 0x0000000091f00000, 0x0000000092000000|  0%| F|  |TAMS 0x0000000091f00000, 0x0000000091f00000| Untracked 
| 288|0x0000000092000000, 0x0000000092000000, 0x0000000092100000|  0%| F|  |TAMS 0x0000000092000000, 0x0000000092000000| Untracked 
| 289|0x0000000092100000, 0x0000000092100000, 0x0000000092200000|  0%| F|  |TAMS 0x0000000092100000, 0x0000000092100000| Untracked 
| 290|0x0000000092200000, 0x00000000922d2a58, 0x0000000092300000| 82%| S|CS|TAMS 0x0000000092200000, 0x0000000092200000| Complete 
| 291|0x0000000092300000, 0x0000000092400000, 0x0000000092400000|100%| S|CS|TAMS 0x0000000092300000, 0x0000000092300000| Complete 
| 292|0x0000000092400000, 0x0000000092400000, 0x0000000092500000|  0%| F|  |TAMS 0x0000000092400000, 0x0000000092400000| Untracked 
| 293|0x0000000092500000, 0x0000000092500000, 0x0000000092600000|  0%| F|  |TAMS 0x0000000092500000, 0x0000000092500000| Untracked 
| 294|0x0000000092600000, 0x0000000092600000, 0x0000000092700000|  0%| F|  |TAMS 0x0000000092600000, 0x0000000092600000| Untracked 
| 295|0x0000000092700000, 0x0000000092700000, 0x0000000092800000|  0%| F|  |TAMS 0x0000000092700000, 0x0000000092700000| Untracked 
| 296|0x0000000092800000, 0x0000000092800000, 0x0000000092900000|  0%| F|  |TAMS 0x0000000092800000, 0x0000000092800000| Untracked 
| 297|0x0000000092900000, 0x0000000092900000, 0x0000000092a00000|  0%| F|  |TAMS 0x0000000092900000, 0x0000000092900000| Untracked 
| 298|0x0000000092a00000, 0x0000000092a00000, 0x0000000092b00000|  0%| F|  |TAMS 0x0000000092a00000, 0x0000000092a00000| Untracked 

Card table byte_map: [0x000002e044250000,0x000002e044650000] _byte_map_base: 0x000002e043e50000

Marking Bits (Prev, Next): (CMBitMap*) 0x000002e02f58fed0, (CMBitMap*) 0x000002e02f58fe98
 Prev Bits: [0x000002e046a50000, 0x000002e048a50000)
 Next Bits: [0x000002e044a50000, 0x000002e046a50000)

Polling page: 0x000002e02f3b0000

Metaspace:

Usage:
  Non-class:    110.92 MB capacity,   108.69 MB ( 98%) used,     1.78 MB (  2%) free+waste,   468.81 KB ( <1%) overhead. 
      Class:     16.69 MB capacity,    15.33 MB ( 92%) used,     1.16 MB (  7%) free+waste,   201.69 KB (  1%) overhead. 
       Both:    127.61 MB capacity,   124.02 MB ( 97%) used,     2.94 MB (  2%) free+waste,   670.50 KB ( <1%) overhead. 

Virtual space:
  Non-class space:      112.00 MB reserved,     111.12 MB (>99%) committed 
      Class space:        1.00 GB reserved,      16.75 MB (  2%) committed 
             Both:        1.11 GB reserved,     127.87 MB ( 11%) committed 

Chunk freelists:
   Non-Class:  9.00 KB
       Class:  0 bytes
        Both:  9.00 KB

MaxMetaspaceSize: 17179869184.00 GB
CompressedClassSpaceSize: 1.00 GB

CodeHeap 'non-profiled nmethods': size=120064Kb used=17446Kb max_used=17446Kb free=102617Kb
 bounds [0x000002e03c2e0000, 0x000002e03d3f0000, 0x000002e043820000]
CodeHeap 'profiled nmethods': size=120000Kb used=54500Kb max_used=54500Kb free=65499Kb
 bounds [0x000002e034db0000, 0x000002e0383a0000, 0x000002e03c2e0000]
CodeHeap 'non-nmethods': size=5696Kb used=2362Kb max_used=2421Kb free=3333Kb
 bounds [0x000002e034820000, 0x000002e034a90000, 0x000002e034db0000]
 total_blobs=24751 nmethods=23767 adapters=895
 compilation: enabled
              stopped_count=0, restarted_count=0
 full_count=0

Compilation events (20 events):
Event: 8774.653 Thread 0x000002e04b0c1000 27326       2       java.util.stream.StreamSpliterators$WrappingSpliterator::initPartialTraversalState (46 bytes)
Event: 8774.654 Thread 0x000002e04b0c1000 nmethod 27326 0x000002e03634de90 code [0x000002e03634e060, 0x000002e03634e568]
Event: 8774.654 Thread 0x000002e04b0c1000 27327       2       java.util.stream.StreamSpliterators$WrappingSpliterator$$Lambda$305/0x00000001004dc440::get$Lambda (9 bytes)
Event: 8774.655 Thread 0x000002e04b0c1000 nmethod 27327 0x000002e036353390 code [0x000002e036353540, 0x000002e0363536b8]
Event: 8774.655 Thread 0x000002e04b0c1000 27328       2       java.util.stream.StreamSpliterators$WrappingSpliterator$$Lambda$306/0x00000001004db840::get$Lambda (9 bytes)
Event: 8774.656 Thread 0x000002e04b0c1000 nmethod 27328 0x000002e036355f90 code [0x000002e036356140, 0x000002e0363562b8]
Event: 8774.660 Thread 0x000002e04b0c1000 27329       2       com.android.tools.r8.dex.w::i (10 bytes)
Event: 8774.660 Thread 0x000002e04b0c1000 nmethod 27329 0x000002e035fadc10 code [0x000002e035faddc0, 0x000002e035fadee8]
Event: 8774.835 Thread 0x000002e04b0c1000 27332       2       com.android.tools.r8.code.x::a (1 bytes)
Event: 8774.835 Thread 0x000002e04b0c1000 nmethod 27332 0x000002e035fef710 code [0x000002e035fef8c0, 0x000002e035fef9b8]
Event: 8774.869 Thread 0x000002e04b0c1000 27334       2       java.util.TimSort::mergeHi (732 bytes)
Event: 8774.874 Thread 0x000002e04b0c1000 nmethod 27334 0x000002e03645e590 code [0x000002e03645e880, 0x000002e0364601d8]
Event: 8774.914 Thread 0x000002e04b0c1000 27336       2       java.security.MessageDigest::digest (49 bytes)
Event: 8774.915 Thread 0x000002e04b0c1000 nmethod 27336 0x000002e036358e10 code [0x000002e036359000, 0x000002e0363592a8]
Event: 8774.915 Thread 0x000002e04b0c1000 27337       2       java.security.MessageDigest$Delegate::engineDigest (11 bytes)
Event: 8774.916 Thread 0x000002e04b0c1000 nmethod 27337 0x000002e035ff2c10 code [0x000002e035ff2dc0, 0x000002e035ff2ee8]
Event: 8775.056 Thread 0x000002e04b0c1000 27338       3       com.android.tools.r8.internal.vj1::g (323 bytes)
Event: 8775.062 Thread 0x000002e04b0c1000 nmethod 27338 0x000002e03637b510 code [0x000002e03637b7a0, 0x000002e03637c5d8]
Event: 8775.167 Thread 0x000002e04b0c1000 27340       2       com.android.tools.r8.code.P0::a (34 bytes)
Event: 8775.168 Thread 0x000002e04b0c1000 nmethod 27340 0x000002e036362390 code [0x000002e036362560, 0x000002e036362728]

GC Heap History (20 events):
Event: 8758.425 GC heap after
{Heap after GC invocations=224 (full 0):
 garbage-first heap   total 306176K, used 105106K [0x0000000080000000, 0x0000000100000000)
  region size 1024K, 2 young (2048K), 2 survivors (2048K)
 Metaspace       used 126850K, capacity 130395K, committed 130684K, reserved 1163264K
  class space    used 15693K, capacity 17084K, committed 17152K, reserved 1048576K
}
Event: 8764.571 GC heap before
{Heap before GC invocations=225 (full 0):
 garbage-first heap   total 306176K, used 114322K [0x0000000080000000, 0x0000000100000000)
  region size 1024K, 14 young (14336K), 2 survivors (2048K)
 Metaspace       used 126876K, capacity 130460K, committed 130684K, reserved 1163264K
  class space    used 15693K, capacity 17084K, committed 17152K, reserved 1048576K
}
Event: 8764.594 GC heap after
{Heap after GC invocations=226 (full 0):
 garbage-first heap   total 306176K, used 104168K [0x0000000080000000, 0x0000000100000000)
  region size 1024K, 2 young (2048K), 2 survivors (2048K)
 Metaspace       used 126876K, capacity 130460K, committed 130684K, reserved 1163264K
  class space    used 15693K, capacity 17084K, committed 17152K, reserved 1048576K
}
Event: 8765.867 GC heap before
{Heap before GC invocations=226 (full 0):
 garbage-first heap   total 306176K, used 115432K [0x0000000080000000, 0x0000000100000000)
  region size 1024K, 14 young (14336K), 2 survivors (2048K)
 Metaspace       used 126893K, capacity 130467K, committed 130684K, reserved 1163264K
  class space    used 15694K, capacity 17085K, committed 17152K, reserved 1048576K
}
Event: 8765.898 GC heap after
{Heap after GC invocations=227 (full 0):
 garbage-first heap   total 306176K, used 97441K [0x0000000080000000, 0x0000000100000000)
  region size 1024K, 2 young (2048K), 2 survivors (2048K)
 Metaspace       used 126893K, capacity 130467K, committed 130684K, reserved 1163264K
  class space    used 15694K, capacity 17085K, committed 17152K, reserved 1048576K
}
Event: 8768.924 GC heap before
{Heap before GC invocations=227 (full 0):
 garbage-first heap   total 306176K, used 110753K [0x0000000080000000, 0x0000000100000000)
  region size 1024K, 14 young (14336K), 2 survivors (2048K)
 Metaspace       used 126907K, capacity 130532K, committed 130684K, reserved 1163264K
  class space    used 15694K, capacity 17085K, committed 17152K, reserved 1048576K
}
Event: 8768.967 GC heap after
{Heap after GC invocations=228 (full 0):
 garbage-first heap   total 306176K, used 97876K [0x0000000080000000, 0x0000000100000000)
  region size 1024K, 2 young (2048K), 2 survivors (2048K)
 Metaspace       used 126907K, capacity 130532K, committed 130684K, reserved 1163264K
  class space    used 15694K, capacity 17085K, committed 17152K, reserved 1048576K
}
Event: 8770.389 GC heap before
{Heap before GC invocations=228 (full 0):
 garbage-first heap   total 306176K, used 110164K [0x0000000080000000, 0x0000000100000000)
  region size 1024K, 14 young (14336K), 2 survivors (2048K)
 Metaspace       used 126907K, capacity 130532K, committed 130684K, reserved 1163264K
  class space    used 15694K, capacity 17085K, committed 17152K, reserved 1048576K
}
Event: 8770.466 GC heap after
{Heap after GC invocations=229 (full 0):
 garbage-first heap   total 306176K, used 101784K [0x0000000080000000, 0x0000000100000000)
  region size 1024K, 2 young (2048K), 2 survivors (2048K)
 Metaspace       used 126907K, capacity 130532K, committed 130684K, reserved 1163264K
  class space    used 15694K, capacity 17085K, committed 17152K, reserved 1048576K
}
Event: 8771.412 GC heap before
{Heap before GC invocations=230 (full 0):
 garbage-first heap   total 306176K, used 115096K [0x0000000080000000, 0x0000000100000000)
  region size 1024K, 15 young (15360K), 2 survivors (2048K)
 Metaspace       used 126929K, capacity 130598K, committed 130684K, reserved 1163264K
  class space    used 15694K, capacity 17085K, committed 17152K, reserved 1048576K
}
Event: 8771.438 GC heap after
{Heap after GC invocations=231 (full 0):
 garbage-first heap   total 306176K, used 103863K [0x0000000080000000, 0x0000000100000000)
  region size 1024K, 2 young (2048K), 2 survivors (2048K)
 Metaspace       used 126929K, capacity 130598K, committed 130684K, reserved 1163264K
  class space    used 15694K, capacity 17085K, committed 17152K, reserved 1048576K
}
Event: 8771.912 GC heap before
{Heap before GC invocations=231 (full 0):
 garbage-first heap   total 306176K, used 117175K [0x0000000080000000, 0x0000000100000000)
  region size 1024K, 14 young (14336K), 2 survivors (2048K)
 Metaspace       used 126936K, capacity 130598K, committed 130684K, reserved 1163264K
  class space    used 15694K, capacity 17085K, committed 17152K, reserved 1048576K
}
Event: 8771.933 GC heap after
{Heap after GC invocations=232 (full 0):
 garbage-first heap   total 306176K, used 104333K [0x0000000080000000, 0x0000000100000000)
  region size 1024K, 2 young (2048K), 2 survivors (2048K)
 Metaspace       used 126936K, capacity 130598K, committed 130684K, reserved 1163264K
  class space    used 15694K, capacity 17085K, committed 17152K, reserved 1048576K
}
Event: 8772.745 GC heap before
{Heap before GC invocations=232 (full 0):
 garbage-first heap   total 306176K, used 129933K [0x0000000080000000, 0x0000000100000000)
  region size 1024K, 27 young (27648K), 2 survivors (2048K)
 Metaspace       used 126950K, capacity 130599K, committed 130684K, reserved 1163264K
  class space    used 15694K, capacity 17085K, committed 17152K, reserved 1048576K
}
Event: 8772.824 GC heap after
{Heap after GC invocations=233 (full 0):
 garbage-first heap   total 306176K, used 110977K [0x0000000080000000, 0x0000000100000000)
  region size 1024K, 4 young (4096K), 4 survivors (4096K)
 Metaspace       used 126950K, capacity 130599K, committed 130684K, reserved 1163264K
  class space    used 15694K, capacity 17085K, committed 17152K, reserved 1048576K
}
Event: 8774.377 GC heap before
{Heap before GC invocations=234 (full 0):
 garbage-first heap   total 306176K, used 141697K [0x0000000080000000, 0x0000000100000000)
  region size 1024K, 35 young (35840K), 4 survivors (4096K)
 Metaspace       used 126983K, capacity 130665K, committed 130940K, reserved 1163264K
  class space    used 15694K, capacity 17085K, committed 17152K, reserved 1048576K
}
Event: 8774.408 GC heap after
{Heap after GC invocations=235 (full 0):
 garbage-first heap   total 306176K, used 112107K [0x0000000080000000, 0x0000000100000000)
  region size 1024K, 2 young (2048K), 2 survivors (2048K)
 Metaspace       used 126983K, capacity 130665K, committed 130940K, reserved 1163264K
  class space    used 15694K, capacity 17085K, committed 17152K, reserved 1048576K
}
Event: 8774.754 GC heap before
{Heap before GC invocations=235 (full 0):
 garbage-first heap   total 306176K, used 123371K [0x0000000080000000, 0x0000000100000000)
  region size 1024K, 14 young (14336K), 2 survivors (2048K)
 Metaspace       used 126988K, capacity 130667K, committed 130940K, reserved 1163264K
  class space    used 15694K, capacity 17085K, committed 17152K, reserved 1048576K
}
Event: 8774.772 GC heap after
{Heap after GC invocations=236 (full 0):
 garbage-first heap   total 306176K, used 102319K [0x0000000080000000, 0x0000000100000000)
  region size 1024K, 1 young (1024K), 1 survivors (1024K)
 Metaspace       used 126988K, capacity 130667K, committed 130940K, reserved 1163264K
  class space    used 15694K, capacity 17085K, committed 17152K, reserved 1048576K
}
Event: 8775.189 GC heap before
{Heap before GC invocations=236 (full 0):
 garbage-first heap   total 306176K, used 107439K [0x0000000080000000, 0x0000000100000000)
  region size 1024K, 8 young (8192K), 1 survivors (1024K)
 Metaspace       used 126994K, capacity 130673K, committed 130940K, reserved 1163264K
  class space    used 15695K, capacity 17086K, committed 17152K, reserved 1048576K
}

Deoptimization events (20 events):
Event: 8774.166 Thread 0x000002e04f9c5000 DEOPT PACKING pc=0x000002e03d2ed7fc sp=0x000000e5e0bfd090
Event: 8774.166 Thread 0x000002e04f9c5000 DEOPT UNPACKING pc=0x000002e0348465af sp=0x000000e5e0bfd058 mode 2
Event: 8774.869 Thread 0x000002e04f9c6000 DEOPT PACKING pc=0x000002e0373a57b0 sp=0x000000e5e0cfce30
Event: 8774.869 Thread 0x000002e04f9c6000 DEOPT UNPACKING pc=0x000002e034846d5e sp=0x000000e5e0cfc2d8 mode 0
Event: 8774.901 Thread 0x000002e04f9c6000 DEOPT PACKING pc=0x000002e03645fe3c sp=0x000000e5e0cfccc0
Event: 8774.901 Thread 0x000002e04f9c6000 DEOPT UNPACKING pc=0x000002e034846d5e sp=0x000000e5e0cfc1b0 mode 0
Event: 8774.905 Thread 0x000002e04f9c6000 DEOPT PACKING pc=0x000002e037601bd9 sp=0x000000e5e0cfcf90
Event: 8774.905 Thread 0x000002e04f9c6000 DEOPT UNPACKING pc=0x000002e034846d5e sp=0x000000e5e0cfc4b8 mode 0
Event: 8774.909 Thread 0x000002e04f9c6000 DEOPT PACKING pc=0x000002e0373a57b0 sp=0x000000e5e0cfcf30
Event: 8774.909 Thread 0x000002e04f9c6000 DEOPT UNPACKING pc=0x000002e034846d5e sp=0x000000e5e0cfc3d8 mode 0
Event: 8774.923 Thread 0x000002e04f9c6000 DEOPT PACKING pc=0x000002e03645fe3c sp=0x000000e5e0cfcdc0
Event: 8774.923 Thread 0x000002e04f9c6000 DEOPT UNPACKING pc=0x000002e034846d5e sp=0x000000e5e0cfc2b0 mode 0
Event: 8774.981 Thread 0x000002e04f9c6000 DEOPT PACKING pc=0x000002e03645fe3c sp=0x000000e5e0cfcdc0
Event: 8774.981 Thread 0x000002e04f9c6000 DEOPT UNPACKING pc=0x000002e034846d5e sp=0x000000e5e0cfc2b0 mode 0
Event: 8774.988 Thread 0x000002e04f9c6000 DEOPT PACKING pc=0x000002e03645fe3c sp=0x000000e5e0cfcdc0
Event: 8774.988 Thread 0x000002e04f9c6000 DEOPT UNPACKING pc=0x000002e034846d5e sp=0x000000e5e0cfc2b0 mode 0
Event: 8775.002 Thread 0x000002e04f9c6000 DEOPT PACKING pc=0x000002e037601bd9 sp=0x000000e5e0cfd090
Event: 8775.003 Thread 0x000002e04f9c6000 DEOPT UNPACKING pc=0x000002e034846d5e sp=0x000000e5e0cfc5b8 mode 0
Event: 8775.056 Thread 0x000002e04f9c6000 DEOPT PACKING pc=0x000002e03804a77b sp=0x000000e5e0cfd170
Event: 8775.056 Thread 0x000002e04f9c6000 DEOPT UNPACKING pc=0x000002e034846d5e sp=0x000000e5e0cfc6c8 mode 0

Classes redefined (0 events):
No events

Internal exceptions (20 events):
Event: 8774.341 Thread 0x000002e04f9c2800 Exception <a 'sun/nio/fs/WindowsException'{0x0000000090844100}> (0x0000000090844100) thrown at [./src/hotspot/share/prims/jni.cpp, line 615]
Event: 8774.349 Thread 0x000002e04f9c4800 Exception <a 'sun/nio/fs/WindowsException'{0x00000000908c0c48}> (0x00000000908c0c48) thrown at [./src/hotspot/share/prims/jni.cpp, line 615]
Event: 8774.410 Thread 0x000002e04f9c2800 Exception <a 'sun/nio/fs/WindowsException'{0x0000000092a5afc0}> (0x0000000092a5afc0) thrown at [./src/hotspot/share/prims/jni.cpp, line 615]
Event: 8774.416 Thread 0x000002e04f9c4800 Exception <a 'sun/nio/fs/WindowsException'{0x0000000092abab10}> (0x0000000092abab10) thrown at [./src/hotspot/share/prims/jni.cpp, line 615]
Event: 8774.458 Thread 0x000002e04f9c2800 Exception <a 'sun/nio/fs/WindowsException'{0x00000000928bdef8}> (0x00000000928bdef8) thrown at [./src/hotspot/share/prims/jni.cpp, line 615]
Event: 8774.468 Thread 0x000002e04f9c4800 Exception <a 'sun/nio/fs/WindowsException'{0x00000000928cb5b0}> (0x00000000928cb5b0) thrown at [./src/hotspot/share/prims/jni.cpp, line 615]
Event: 8774.474 Thread 0x000002e04f9c2800 Exception <a 'sun/nio/fs/WindowsException'{0x00000000928e68e8}> (0x00000000928e68e8) thrown at [./src/hotspot/share/prims/jni.cpp, line 615]
Event: 8774.515 Thread 0x000002e04f9c2800 Exception <a 'sun/nio/fs/WindowsException'{0x000000009269c958}> (0x000000009269c958) thrown at [./src/hotspot/share/prims/jni.cpp, line 615]
Event: 8774.520 Thread 0x000002e04f9c4800 Exception <a 'sun/nio/fs/WindowsException'{0x00000000926e73a8}> (0x00000000926e73a8) thrown at [./src/hotspot/share/prims/jni.cpp, line 615]
Event: 8774.577 Thread 0x000002e04f9c2800 Exception <a 'sun/nio/fs/WindowsException'{0x00000000925e0ff0}> (0x00000000925e0ff0) thrown at [./src/hotspot/share/prims/jni.cpp, line 615]
Event: 8774.657 Thread 0x000002e04f9c4800 Exception <a 'sun/nio/fs/WindowsException'{0x000000009226c290}> (0x000000009226c290) thrown at [./src/hotspot/share/prims/jni.cpp, line 615]
Event: 8774.661 Thread 0x000002e04f9c2800 Exception <a 'sun/nio/fs/WindowsException'{0x00000000922eeb40}> (0x00000000922eeb40) thrown at [./src/hotspot/share/prims/jni.cpp, line 615]
Event: 8774.710 Thread 0x000002e04f9c2800 Exception <a 'sun/nio/fs/WindowsException'{0x0000000092083468}> (0x0000000092083468) thrown at [./src/hotspot/share/prims/jni.cpp, line 615]
Event: 8774.710 Thread 0x000002e04f9c4800 Exception <a 'sun/nio/fs/WindowsException'{0x0000000092088478}> (0x0000000092088478) thrown at [./src/hotspot/share/prims/jni.cpp, line 615]
Event: 8774.752 Thread 0x000002e04f9c4800 Exception <a 'sun/nio/fs/WindowsException'{0x0000000091fe6338}> (0x0000000091fe6338) thrown at [./src/hotspot/share/prims/jni.cpp, line 615]
Event: 8774.793 Thread 0x000002e04f9c2800 Exception <a 'sun/nio/fs/WindowsException'{0x0000000092a44bf8}> (0x0000000092a44bf8) thrown at [./src/hotspot/share/prims/jni.cpp, line 615]
Event: 8774.887 Thread 0x000002e04f9c2800 Exception <a 'sun/nio/fs/WindowsException'{0x0000000092a4c648}> (0x0000000092a4c648) thrown at [./src/hotspot/share/prims/jni.cpp, line 615]
Event: 8774.908 Thread 0x000002e04f9c4800 Exception <a 'sun/nio/fs/WindowsException'{0x00000000928a6580}> (0x00000000928a6580) thrown at [./src/hotspot/share/prims/jni.cpp, line 615]
Event: 8774.915 Thread 0x000002e04f9c2800 Exception <a 'sun/nio/fs/WindowsException'{0x0000000092a540b0}> (0x0000000092a540b0) thrown at [./src/hotspot/share/prims/jni.cpp, line 615]
Event: 8774.953 Thread 0x000002e04f9c2800 Exception <a 'sun/nio/fs/WindowsException'{0x00000000926815f0}> (0x00000000926815f0) thrown at [./src/hotspot/share/prims/jni.cpp, line 615]

Events (20 events):
Event: 8771.908 Executing VM operation: G1CollectForAllocation
Event: 8771.933 Executing VM operation: G1CollectForAllocation done
Event: 8772.160 loading class com/android/tools/r8/internal/jO0
Event: 8772.160 loading class com/android/tools/r8/internal/jO0 done
Event: 8772.330 Executing VM operation: RevokeBias
Event: 8772.335 Executing VM operation: RevokeBias done
Event: 8772.739 Executing VM operation: G1CollectForAllocation
Event: 8772.824 Executing VM operation: G1CollectForAllocation done
Event: 8773.262 Executing VM operation: CGC_Operation
Event: 8773.501 Executing VM operation: CGC_Operation done
Event: 8773.689 Executing VM operation: CGC_Operation
Event: 8773.698 Executing VM operation: CGC_Operation done
Event: 8773.892 Executing VM operation: RevokeBias
Event: 8773.896 Executing VM operation: RevokeBias done
Event: 8773.917 Thread 0x000002e04f9c6800 Thread exited: 0x000002e04f9c6800
Event: 8774.369 Executing VM operation: G1CollectForAllocation
Event: 8774.408 Executing VM operation: G1CollectForAllocation done
Event: 8774.754 Executing VM operation: G1CollectForAllocation
Event: 8774.773 Executing VM operation: G1CollectForAllocation done
Event: 8775.177 Executing VM operation: G1CollectForAllocation


Dynamic libraries:
0x00007ff6e1180000 - 0x00007ff6e118a000 	C:\Program Files\Android\Android Studio\jre\bin\java.exe
0x00007ffb8a6c0000 - 0x00007ffb8a8b0000 	C:\WINDOWS\SYSTEM32\ntdll.dll
0x00007ffb8a0a0000 - 0x00007ffb8a152000 	C:\WINDOWS\System32\KERNEL32.DLL
0x00007ffb87dc0000 - 0x00007ffb88065000 	C:\WINDOWS\System32\KERNELBASE.dll
0x00007ffb883f0000 - 0x00007ffb884ea000 	C:\WINDOWS\System32\ucrtbase.dll
0x00007ffb808e0000 - 0x00007ffb808f7000 	C:\Program Files\Android\Android Studio\jre\bin\VCRUNTIME140.dll
0x00007ffb808a0000 - 0x00007ffb808b9000 	C:\Program Files\Android\Android Studio\jre\bin\jli.dll
0x00007ffb8a4e0000 - 0x00007ffb8a674000 	C:\WINDOWS\System32\USER32.dll
0x00007ffb88240000 - 0x00007ffb88261000 	C:\WINDOWS\System32\win32u.dll
0x00007ffb89060000 - 0x00007ffb89086000 	C:\WINDOWS\System32\GDI32.dll
0x00007ffb885a0000 - 0x00007ffb88736000 	C:\WINDOWS\System32\gdi32full.dll
0x00007ffb88300000 - 0x00007ffb8839e000 	C:\WINDOWS\System32\msvcp_win.dll
0x00007ffb7bf70000 - 0x00007ffb7c1f4000 	C:\WINDOWS\WinSxS\amd64_microsoft.windows.common-controls_6595b64144ccf1df_6.0.18362.1256_none_9e7e379be45e40e2\COMCTL32.dll
0x00007ffb88f10000 - 0x00007ffb88fae000 	C:\WINDOWS\System32\msvcrt.dll
0x00007ffb89410000 - 0x00007ffb89746000 	C:\WINDOWS\System32\combase.dll
0x00007ffb89890000 - 0x00007ffb899b0000 	C:\WINDOWS\System32\RPCRT4.dll
0x00007ffb88270000 - 0x00007ffb882f1000 	C:\WINDOWS\System32\bcryptPrimitives.dll
0x00007ffb893e0000 - 0x00007ffb8940e000 	C:\WINDOWS\System32\IMM32.DLL
0x00007ffb80800000 - 0x00007ffb8089d000 	C:\Program Files\Android\Android Studio\jre\bin\msvcp140.dll
0x00007ffb3c450000 - 0x00007ffb3cf25000 	C:\Program Files\Android\Android Studio\jre\bin\server\jvm.dll
0x00007ffb891f0000 - 0x00007ffb89293000 	C:\WINDOWS\System32\ADVAPI32.dll
0x00007ffb88fc0000 - 0x00007ffb89057000 	C:\WINDOWS\System32\sechost.dll
0x00007ffb8a390000 - 0x00007ffb8a398000 	C:\WINDOWS\System32\PSAPI.DLL
0x00007ffb85580000 - 0x00007ffb855a4000 	C:\WINDOWS\SYSTEM32\WINMM.dll
0x00007ffb7e1f0000 - 0x00007ffb7e1fa000 	C:\WINDOWS\SYSTEM32\VERSION.dll
0x00007ffb7c450000 - 0x00007ffb7c459000 	C:\WINDOWS\SYSTEM32\WSOCK32.dll
0x00007ffb85510000 - 0x00007ffb8553d000 	C:\WINDOWS\SYSTEM32\winmmbase.dll
0x00007ffb883a0000 - 0x00007ffb883ea000 	C:\WINDOWS\System32\cfgmgr32.dll
0x00007ffb8a470000 - 0x00007ffb8a4df000 	C:\WINDOWS\System32\WS2_32.dll
0x00007ffb87570000 - 0x00007ffb87581000 	C:\WINDOWS\System32\kernel.appcore.dll
0x00007ffb7b960000 - 0x00007ffb7b971000 	C:\Program Files\Android\Android Studio\jre\bin\verify.dll
0x00007ffb79b10000 - 0x00007ffb79d04000 	C:\WINDOWS\SYSTEM32\DBGHELP.DLL
0x00007ffb79ae0000 - 0x00007ffb79b0a000 	C:\WINDOWS\SYSTEM32\dbgcore.DLL
0x00007ffb74800000 - 0x00007ffb74829000 	C:\Program Files\Android\Android Studio\jre\bin\java.dll
0x00007ffb7b8a0000 - 0x00007ffb7b8ab000 	C:\Program Files\Android\Android Studio\jre\bin\jimage.dll
0x00007ffb747e0000 - 0x00007ffb747f8000 	C:\Program Files\Android\Android Studio\jre\bin\zip.dll
0x00007ffb899b0000 - 0x00007ffb8a097000 	C:\WINDOWS\System32\SHELL32.dll
0x00007ffb897e0000 - 0x00007ffb89889000 	C:\WINDOWS\System32\shcore.dll
0x00007ffb87630000 - 0x00007ffb87db1000 	C:\WINDOWS\System32\windows.storage.dll
0x00007ffb87600000 - 0x00007ffb87623000 	C:\WINDOWS\System32\profapi.dll
0x00007ffb87590000 - 0x00007ffb875da000 	C:\WINDOWS\System32\powrprof.dll
0x00007ffb87560000 - 0x00007ffb87570000 	C:\WINDOWS\System32\UMPDC.dll
0x00007ffb8a330000 - 0x00007ffb8a382000 	C:\WINDOWS\System32\shlwapi.dll
0x00007ffb88070000 - 0x00007ffb88087000 	C:\WINDOWS\System32\cryptsp.dll
0x00007ffb745f0000 - 0x00007ffb7460a000 	C:\Program Files\Android\Android Studio\jre\bin\net.dll
0x00007ffb7d260000 - 0x00007ffb7d350000 	C:\WINDOWS\SYSTEM32\WINHTTP.dll
0x00007ffb86d50000 - 0x00007ffb86db7000 	C:\WINDOWS\system32\mswsock.dll
0x00007ffb745d0000 - 0x00007ffb745e4000 	C:\Program Files\Android\Android Studio\jre\bin\nio.dll
0x00007ffb80940000 - 0x00007ffb80967000 	C:\Users\sudeep\.gradle\native\e1d6ef7f7dcc3fd88c89a11ec53ec762bb8ba0a96d01ffa2cd45eb1d1d8dd5c5\windows-amd64\native-platform.dll
0x00007ffb5b200000 - 0x00007ffb5b344000 	C:\Users\sudeep\.gradle\native\5664cfc778a61ccfe75a443a1ab52a65af34e5dc3c78e0209fed803814484fcb\windows-amd64\native-platform-file-events.dll
0x00007ffb751e0000 - 0x00007ffb751ea000 	C:\Program Files\Android\Android Studio\jre\bin\management.dll
0x00007ffb74de0000 - 0x00007ffb74ded000 	C:\Program Files\Android\Android Studio\jre\bin\management_ext.dll
0x00007ffb868c0000 - 0x00007ffb868f3000 	C:\WINDOWS\system32\rsaenh.dll
0x00007ffb88740000 - 0x00007ffb88766000 	C:\WINDOWS\System32\bcrypt.dll
0x00007ffb87480000 - 0x00007ffb874a5000 	C:\WINDOWS\SYSTEM32\USERENV.dll
0x00007ffb86f20000 - 0x00007ffb86f2c000 	C:\WINDOWS\SYSTEM32\CRYPTBASE.dll
0x00007ffb86a60000 - 0x00007ffb86a9a000 	C:\WINDOWS\SYSTEM32\IPHLPAPI.DLL
0x00007ffb897d0000 - 0x00007ffb897d8000 	C:\WINDOWS\System32\NSI.dll
0x00007ffb7f9d0000 - 0x00007ffb7f9e6000 	C:\WINDOWS\SYSTEM32\dhcpcsvc6.DLL
0x00007ffb812f0000 - 0x00007ffb8130c000 	C:\WINDOWS\SYSTEM32\dhcpcsvc.DLL
0x00007ffb86aa0000 - 0x00007ffb86b6b000 	C:\WINDOWS\SYSTEM32\DNSAPI.dll
0x00007ffb84000000 - 0x00007ffb84027000 	C:\Program Files\Android\Android Studio\jre\bin\sunec.dll
0x00007ffb865a0000 - 0x00007ffb865d1000 	C:\WINDOWS\SYSTEM32\ntmarta.dll

dbghelp: loaded successfully - version: 4.0.5 - missing functions: none
symbol engine: initialized successfully - sym options: 0x614 - pdb path: .;C:\Program Files\Android\Android Studio\jre\bin;C:\WINDOWS\SYSTEM32;C:\WINDOWS\WinSxS\amd64_microsoft.windows.common-controls_6595b64144ccf1df_6.0.18362.1256_none_9e7e379be45e40e2;C:\Program Files\Android\Android Studio\jre\bin\server;C:\Users\sudeep\.gradle\native\e1d6ef7f7dcc3fd88c89a11ec53ec762bb8ba0a96d01ffa2cd45eb1d1d8dd5c5\windows-amd64;C:\Users\sudeep\.gradle\native\5664cfc778a61ccfe75a443a1ab52a65af34e5dc3c78e0209fed803814484fcb\windows-amd64

VM Arguments:
jvm_args: --add-opens=java.base/java.util=ALL-UNNAMED --add-opens=java.base/java.lang=ALL-UNNAMED --add-opens=java.base/java.lang.invoke=ALL-UNNAMED --add-opens=java.base/java.util=ALL-UNNAMED --add-opens=java.prefs/java.util.prefs=ALL-UNNAMED --add-opens=java.prefs/java.util.prefs=ALL-UNNAMED --add-opens=java.base/java.nio.charset=ALL-UNNAMED --add-opens=java.base/java.net=ALL-UNNAMED --add-opens=java.base/java.util.concurrent.atomic=ALL-UNNAMED -Xmx2048m -Dfile.encoding=UTF-8 -Duser.country=IN -Duser.language=en -Duser.variant 
java_command: org.gradle.launcher.daemon.bootstrap.GradleDaemon 7.2
java_class_path (initial): C:\Users\sudeep\.gradle\wrapper\dists\gradle-7.2-bin\2dnblmf4td7x66yl1d74lt32g\gradle-7.2\lib\gradle-launcher-7.2.jar
Launcher Type: SUN_STANDARD

[Global flags]
     intx CICompilerCount                          = 3                                         {product} {ergonomic}
     uint ConcGCThreads                            = 1                                         {product} {ergonomic}
     uint G1ConcRefinementThreads                  = 4                                         {product} {ergonomic}
   size_t G1HeapRegionSize                         = 1048576                                   {product} {ergonomic}
    uintx GCDrainStackTargetSize                   = 64                                        {product} {ergonomic}
   size_t InitialHeapSize                          = 58720256                                  {product} {ergonomic}
   size_t MarkStackSize                            = 4194304                                   {product} {ergonomic}
   size_t MaxHeapSize                              = 2147483648                                {product} {command line}
   size_t MaxNewSize                               = 1287651328                                {product} {ergonomic}
   size_t MinHeapDeltaBytes                        = 1048576                                   {product} {ergonomic}
    uintx NonNMethodCodeHeapSize                   = 5830732                                {pd product} {ergonomic}
    uintx NonProfiledCodeHeapSize                  = 122913754                              {pd product} {ergonomic}
    uintx ProfiledCodeHeapSize                     = 122913754                              {pd product} {ergonomic}
    uintx ReservedCodeCacheSize                    = 251658240                              {pd product} {ergonomic}
     bool SegmentedCodeCache                       = true                                      {product} {ergonomic}
     bool UseCompressedClassPointers               = true                                 {lp64_product} {ergonomic}
     bool UseCompressedOops                        = true                                 {lp64_product} {ergonomic}
     bool UseG1GC                                  = true                                      {product} {ergonomic}
     bool UseLargePagesIndividualAllocation        = false                                  {pd product} {ergonomic}

Logging:
Log output configuration:
 #0: stdout all=warning uptime,level,tags
 #1: stderr all=off uptime,level,tags

Environment Variables:
PATH=C:\Program Files\Common Files\Oracle\Java\javapath;"C:\WINDOWS\system32;C:\Program Files\MongoDB\Server\4.2\bin";C:\WINDOWS;C:\WINDOWS\System32\Wbem;C:\WINDOWS\System32\WindowsPowerShell\v1.0\;C:\Program Files (x86)\AMD\ATI.ACE\Core-Static;C:\TDM-GCC-64\bin;C:\WINDOWS\System32\OpenSSH\;C:\Program Files\nodejs\;C:\xampp\php;C:\composer;C:\Program Files\Git\cmd;C:\Program Files\nodejs;C:\Strawberry\c\bin;C:\Strawberry\perl\site\bin;C:\Strawberry\perl\bin;C:\Windows\System32;C:\Program Files\Java\jdk-17.0.1;C:\Users\sudeep\AppData\Local\Microsoft\WindowsApps;"C:\Users\sudeep\AppData\Roaming\npm; C:\xampp\php";C:\Program Files\heroku\bin;C:\Users\sudeep\AppData\Roaming\Composer\vendor\bin;C:\Program Files\MongoDB\Server\4.2\bin;C:\Users\sudeep\AppData\Local\Programs\Microsoft VS Code\bin;C:\Program Files\nodejs;
USERNAME=sudeep
OS=Windows_NT
PROCESSOR_IDENTIFIER=AMD64 Family 22 Model 48 Stepping 1, AuthenticAMD



---------------  S Y S T E M  ---------------

OS: Windows 10 , 64 bit Build 18362 (10.0.18362.1110)
OS uptime: 0 days 10:01 hours

CPU:total 4 (initial active 4) (4 cores per cpu, 1 threads per core) family 22 model 48 stepping 1 microcode 0x0, cmov, cx8, fxsr, mmx, sse, sse2, sse3, ssse3, sse4.1, sse4.2, popcnt, avx, aes, clmul, mmxext, 3dnowpref, lzcnt, sse4a, tsc, tscinvbit, tscinv, bmi1

Memory: 4k page, system-wide physical 3545M (355M free)
TotalPageFile size 14297M (AvailPageFile size 32M)
current process WorkingSet (physical memory assigned to process): 369M, peak: 521M
current process commit charge ("private bytes"): 693M, peak: 755M

vm_info: OpenJDK 64-Bit Server VM (11.0.11+9-b60-7590822) for windows-amd64 JRE (11.0.11+9-b60-7590822), built on Jul 29 2021 21:43:44 by "builder" with MS VC++ 14.0 (VS2015)

END.
